{"/workspace/bal-bill/backend/controllers/adminController.js": {"path":"/workspace/bal-bill/backend/controllers/adminController.js","statementMap":{"0":{"start":{"line":1,"column":17},"end":{"line":1,"column":46}},"1":{"start":{"line":2,"column":16},"end":{"line":2,"column":44}},"2":{"start":{"line":3,"column":12},"end":{"line":3,"column":36}},"3":{"start":{"line":4,"column":26},"end":{"line":4,"column":64}},"4":{"start":{"line":5,"column":17},"end":{"line":5,"column":46}},"5":{"start":{"line":6,"column":15},"end":{"line":6,"column":46}},"6":{"start":{"line":8,"column":18},"end":{"line":8,"column":37}},"7":{"start":{"line":10,"column":20},"end":{"line":13,"column":1}},"8":{"start":{"line":11,"column":17},"end":{"line":11,"column":36}},"9":{"start":{"line":12,"column":2},"end":{"line":12,"column":67}},"10":{"start":{"line":15,"column":23},"end":{"line":19,"column":1}},"11":{"start":{"line":16,"column":18},"end":{"line":16,"column":28}},"12":{"start":{"line":17,"column":20},"end":{"line":17,"column":72}},"13":{"start":{"line":18,"column":2},"end":{"line":18,"column":32}},"14":{"start":{"line":21,"column":26},"end":{"line":24,"column":1}},"15":{"start":{"line":22,"column":17},"end":{"line":22,"column":48}},"16":{"start":{"line":23,"column":2},"end":{"line":23,"column":32}},"17":{"start":{"line":26,"column":20},"end":{"line":28,"column":1}},"18":{"start":{"line":27,"column":2},"end":{"line":27,"column":59}},"19":{"start":{"line":30,"column":35},"end":{"line":121,"column":1}},"20":{"start":{"line":31,"column":33},"end":{"line":31,"column":59}},"21":{"start":{"line":32,"column":20},"end":{"line":32,"column":45}},"22":{"start":{"line":34,"column":26},"end":{"line":34,"column":79}},"23":{"start":{"line":34,"column":50},"end":{"line":34,"column":71}},"24":{"start":{"line":35,"column":28},"end":{"line":35,"column":83}},"25":{"start":{"line":35,"column":52},"end":{"line":35,"column":75}},"26":{"start":{"line":36,"column":23},"end":{"line":36,"column":96}},"27":{"start":{"line":36,"column":52},"end":{"line":36,"column":92}},"28":{"start":{"line":38,"column":27},"end":{"line":38,"column":29}},"29":{"start":{"line":39,"column":21},"end":{"line":39,"column":22}},"30":{"start":{"line":40,"column":19},"end":{"line":40,"column":20}},"31":{"start":{"line":41,"column":22},"end":{"line":41,"column":23}},"32":{"start":{"line":42,"column":21},"end":{"line":42,"column":22}},"33":{"start":{"line":44,"column":2},"end":{"line":76,"column":3}},"34":{"start":{"line":45,"column":27},"end":{"line":45,"column":77}},"35":{"start":{"line":46,"column":27},"end":{"line":49,"column":6}},"36":{"start":{"line":47,"column":24},"end":{"line":47,"column":48}},"37":{"start":{"line":48,"column":6},"end":{"line":48,"column":60}},"38":{"start":{"line":51,"column":4},"end":{"line":61,"column":7}},"39":{"start":{"line":52,"column":23},"end":{"line":52,"column":65}},"40":{"start":{"line":53,"column":6},"end":{"line":56,"column":8}},"41":{"start":{"line":58,"column":6},"end":{"line":58,"column":79}},"42":{"start":{"line":59,"column":6},"end":{"line":59,"column":74}},"43":{"start":{"line":60,"column":6},"end":{"line":60,"column":24}},"44":{"start":{"line":63,"column":23},"end":{"line":68,"column":6}},"45":{"start":{"line":70,"column":4},"end":{"line":70,"column":41}},"46":{"start":{"line":71,"column":4},"end":{"line":71,"column":96}},"47":{"start":{"line":71,"column":58},"end":{"line":71,"column":91}},"48":{"start":{"line":72,"column":4},"end":{"line":75,"column":6}},"49":{"start":{"line":73,"column":20},"end":{"line":73,"column":62}},"50":{"start":{"line":78,"column":31},"end":{"line":83,"column":5}},"51":{"start":{"line":78,"column":93},"end":{"line":83,"column":3}},"52":{"start":{"line":85,"column":30},"end":{"line":93,"column":3}},"53":{"start":{"line":87,"column":6},"end":{"line":87,"column":48}},"54":{"start":{"line":88,"column":6},"end":{"line":88,"column":40}},"55":{"start":{"line":89,"column":6},"end":{"line":89,"column":42}},"56":{"start":{"line":90,"column":6},"end":{"line":90,"column":17}},"57":{"start":{"line":95,"column":2},"end":{"line":120,"column":4}},"58":{"start":{"line":123,"column":35},"end":{"line":176,"column":1}},"59":{"start":{"line":124,"column":20},"end":{"line":124,"column":45}},"60":{"start":{"line":126,"column":20},"end":{"line":142,"column":3}},"61":{"start":{"line":144,"column":2},"end":{"line":167,"column":5}},"62":{"start":{"line":145,"column":22},"end":{"line":145,"column":50}},"63":{"start":{"line":146,"column":4},"end":{"line":146,"column":79}},"64":{"start":{"line":148,"column":24},"end":{"line":148,"column":50}},"65":{"start":{"line":149,"column":4},"end":{"line":154,"column":5}},"66":{"start":{"line":150,"column":6},"end":{"line":153,"column":8}},"67":{"start":{"line":155,"column":4},"end":{"line":155,"column":50}},"68":{"start":{"line":156,"column":4},"end":{"line":156,"column":98}},"69":{"start":{"line":158,"column":23},"end":{"line":158,"column":52}},"70":{"start":{"line":159,"column":4},"end":{"line":159,"column":83}},"71":{"start":{"line":161,"column":20},"end":{"line":161,"column":61}},"72":{"start":{"line":162,"column":4},"end":{"line":166,"column":54}},"73":{"start":{"line":162,"column":24},"end":{"line":162,"column":69}},"74":{"start":{"line":163,"column":9},"end":{"line":166,"column":54}},"75":{"start":{"line":163,"column":29},"end":{"line":163,"column":74}},"76":{"start":{"line":164,"column":9},"end":{"line":166,"column":54}},"77":{"start":{"line":164,"column":28},"end":{"line":164,"column":72}},"78":{"start":{"line":165,"column":9},"end":{"line":166,"column":54}},"79":{"start":{"line":165,"column":28},"end":{"line":165,"column":72}},"80":{"start":{"line":166,"column":9},"end":{"line":166,"column":54}},"81":{"start":{"line":169,"column":2},"end":{"line":173,"column":5}},"82":{"start":{"line":170,"column":4},"end":{"line":172,"column":6}},"83":{"start":{"line":175,"column":2},"end":{"line":175,"column":19}},"84":{"start":{"line":178,"column":31},"end":{"line":266,"column":1}},"85":{"start":{"line":179,"column":33},"end":{"line":179,"column":59}},"86":{"start":{"line":180,"column":20},"end":{"line":180,"column":45}},"87":{"start":{"line":182,"column":21},"end":{"line":182,"column":22}},"88":{"start":{"line":183,"column":19},"end":{"line":183,"column":20}},"89":{"start":{"line":184,"column":23},"end":{"line":184,"column":25}},"90":{"start":{"line":185,"column":28},"end":{"line":185,"column":30}},"91":{"start":{"line":186,"column":28},"end":{"line":186,"column":30}},"92":{"start":{"line":188,"column":2},"end":{"line":236,"column":3}},"93":{"start":{"line":189,"column":27},"end":{"line":189,"column":77}},"94":{"start":{"line":190,"column":27},"end":{"line":193,"column":6}},"95":{"start":{"line":191,"column":24},"end":{"line":191,"column":48}},"96":{"start":{"line":192,"column":6},"end":{"line":192,"column":60}},"97":{"start":{"line":195,"column":37},"end":{"line":205,"column":5}},"98":{"start":{"line":197,"column":25},"end":{"line":197,"column":67}},"99":{"start":{"line":198,"column":23},"end":{"line":198,"column":56}},"100":{"start":{"line":199,"column":8},"end":{"line":199,"column":28}},"101":{"start":{"line":200,"column":8},"end":{"line":200,"column":76}},"102":{"start":{"line":201,"column":8},"end":{"line":201,"column":82}},"103":{"start":{"line":202,"column":8},"end":{"line":202,"column":19}},"104":{"start":{"line":206,"column":4},"end":{"line":206,"column":51}},"105":{"start":{"line":208,"column":4},"end":{"line":211,"column":7}},"106":{"start":{"line":209,"column":18},"end":{"line":209,"column":70}},"107":{"start":{"line":210,"column":6},"end":{"line":210,"column":87}},"108":{"start":{"line":213,"column":23},"end":{"line":218,"column":6}},"109":{"start":{"line":219,"column":22},"end":{"line":219,"column":44}},"110":{"start":{"line":220,"column":4},"end":{"line":220,"column":28}},"111":{"start":{"line":222,"column":4},"end":{"line":235,"column":5}},"112":{"start":{"line":223,"column":6},"end":{"line":234,"column":9}},"113":{"start":{"line":228,"column":110},"end":{"line":231,"column":9}},"114":{"start":{"line":238,"column":2},"end":{"line":238,"column":58}},"115":{"start":{"line":238,"column":35},"end":{"line":238,"column":56}},"116":{"start":{"line":240,"column":28},"end":{"line":245,"column":7}},"117":{"start":{"line":242,"column":19},"end":{"line":245,"column":5}},"118":{"start":{"line":247,"column":2},"end":{"line":265,"column":4}},"119":{"start":{"line":258,"column":82},"end":{"line":261,"column":7}},"120":{"start":{"line":268,"column":34},"end":{"line":344,"column":1}},"121":{"start":{"line":269,"column":33},"end":{"line":269,"column":59}},"122":{"start":{"line":270,"column":20},"end":{"line":270,"column":45}},"123":{"start":{"line":272,"column":20},"end":{"line":282,"column":3}},"124":{"start":{"line":284,"column":2},"end":{"line":314,"column":3}},"125":{"start":{"line":285,"column":31},"end":{"line":285,"column":91}},"126":{"start":{"line":286,"column":31},"end":{"line":289,"column":6}},"127":{"start":{"line":287,"column":24},"end":{"line":287,"column":46}},"128":{"start":{"line":288,"column":6},"end":{"line":288,"column":60}},"129":{"start":{"line":291,"column":4},"end":{"line":313,"column":7}},"130":{"start":{"line":292,"column":6},"end":{"line":292,"column":40}},"131":{"start":{"line":293,"column":21},"end":{"line":293,"column":56}},"132":{"start":{"line":294,"column":6},"end":{"line":294,"column":39}},"133":{"start":{"line":296,"column":24},"end":{"line":296,"column":55}},"134":{"start":{"line":297,"column":6},"end":{"line":297,"column":81}},"135":{"start":{"line":299,"column":6},"end":{"line":312,"column":7}},"136":{"start":{"line":300,"column":8},"end":{"line":300,"column":33}},"137":{"start":{"line":301,"column":8},"end":{"line":301,"column":45}},"138":{"start":{"line":302,"column":13},"end":{"line":312,"column":7}},"139":{"start":{"line":303,"column":8},"end":{"line":303,"column":30}},"140":{"start":{"line":304,"column":8},"end":{"line":304,"column":42}},"141":{"start":{"line":306,"column":8},"end":{"line":309,"column":9}},"142":{"start":{"line":307,"column":10},"end":{"line":308,"column":75}},"143":{"start":{"line":311,"column":8},"end":{"line":311,"column":31}},"144":{"start":{"line":316,"column":24},"end":{"line":316,"column":62}},"145":{"start":{"line":317,"column":22},"end":{"line":317,"column":89}},"146":{"start":{"line":319,"column":2},"end":{"line":343,"column":4}},"147":{"start":{"line":346,"column":32},"end":{"line":422,"column":1}},"148":{"start":{"line":347,"column":33},"end":{"line":347,"column":59}},"149":{"start":{"line":348,"column":20},"end":{"line":348,"column":45}},"150":{"start":{"line":350,"column":20},"end":{"line":360,"column":3}},"151":{"start":{"line":362,"column":2},"end":{"line":396,"column":3}},"152":{"start":{"line":363,"column":23},"end":{"line":368,"column":6}},"153":{"start":{"line":370,"column":17},"end":{"line":370,"column":32}},"154":{"start":{"line":371,"column":22},"end":{"line":371,"column":33}},"155":{"start":{"line":372,"column":21},"end":{"line":372,"column":84}},"156":{"start":{"line":372,"column":47},"end":{"line":372,"column":80}},"157":{"start":{"line":373,"column":19},"end":{"line":373,"column":91}},"158":{"start":{"line":373,"column":45},"end":{"line":373,"column":87}},"159":{"start":{"line":375,"column":4},"end":{"line":375,"column":39}},"160":{"start":{"line":376,"column":4},"end":{"line":376,"column":49}},"161":{"start":{"line":377,"column":4},"end":{"line":377,"column":44}},"162":{"start":{"line":379,"column":4},"end":{"line":382,"column":7}},"163":{"start":{"line":380,"column":6},"end":{"line":381,"column":106}},"164":{"start":{"line":380,"column":38},"end":{"line":380,"column":79}},"165":{"start":{"line":381,"column":11},"end":{"line":381,"column":106}},"166":{"start":{"line":381,"column":54},"end":{"line":381,"column":106}},"167":{"start":{"line":384,"column":23},"end":{"line":384,"column":52}},"168":{"start":{"line":385,"column":4},"end":{"line":385,"column":103}},"169":{"start":{"line":387,"column":4},"end":{"line":395,"column":5}},"170":{"start":{"line":388,"column":6},"end":{"line":394,"column":9}},"171":{"start":{"line":398,"column":2},"end":{"line":398,"column":60}},"172":{"start":{"line":398,"column":41},"end":{"line":398,"column":58}},"173":{"start":{"line":399,"column":2},"end":{"line":399,"column":65}},"174":{"start":{"line":401,"column":2},"end":{"line":421,"column":4}},"175":{"start":{"line":424,"column":37},"end":{"line":485,"column":1}},"176":{"start":{"line":425,"column":20},"end":{"line":425,"column":45}},"177":{"start":{"line":427,"column":17},"end":{"line":443,"column":3}},"178":{"start":{"line":445,"column":16},"end":{"line":445,"column":26}},"179":{"start":{"line":447,"column":2},"end":{"line":476,"column":3}},"180":{"start":{"line":448,"column":27},"end":{"line":448,"column":77}},"181":{"start":{"line":449,"column":21},"end":{"line":449,"column":44}},"182":{"start":{"line":451,"column":4},"end":{"line":475,"column":7}},"183":{"start":{"line":452,"column":24},"end":{"line":452,"column":45}},"184":{"start":{"line":453,"column":6},"end":{"line":453,"column":33}},"185":{"start":{"line":454,"column":6},"end":{"line":454,"column":75}},"186":{"start":{"line":456,"column":21},"end":{"line":456,"column":54}},"187":{"start":{"line":457,"column":6},"end":{"line":474,"column":7}},"188":{"start":{"line":461,"column":8},"end":{"line":461,"column":51}},"189":{"start":{"line":462,"column":28},"end":{"line":462,"column":84}},"190":{"start":{"line":463,"column":8},"end":{"line":471,"column":11}},"191":{"start":{"line":472,"column":13},"end":{"line":474,"column":7}},"192":{"start":{"line":473,"column":8},"end":{"line":473,"column":54}},"193":{"start":{"line":478,"column":2},"end":{"line":478,"column":73}},"194":{"start":{"line":478,"column":40},"end":{"line":478,"column":71}},"195":{"start":{"line":480,"column":2},"end":{"line":482,"column":5}},"196":{"start":{"line":481,"column":4},"end":{"line":481,"column":79}},"197":{"start":{"line":484,"column":2},"end":{"line":484,"column":16}},"198":{"start":{"line":487,"column":30},"end":{"line":521,"column":1}},"199":{"start":{"line":488,"column":18},"end":{"line":488,"column":28}},"200":{"start":{"line":489,"column":2},"end":{"line":489,"column":35}},"201":{"start":{"line":490,"column":20},"end":{"line":490,"column":40}},"202":{"start":{"line":492,"column":26},"end":{"line":492,"column":57}},"203":{"start":{"line":493,"column":21},"end":{"line":495,"column":3}},"204":{"start":{"line":497,"column":17},"end":{"line":513,"column":3}},"205":{"start":{"line":515,"column":2},"end":{"line":518,"column":3}},"206":{"start":{"line":516,"column":4},"end":{"line":516,"column":47}},"207":{"start":{"line":517,"column":4},"end":{"line":517,"column":31}},"208":{"start":{"line":520,"column":2},"end":{"line":520,"column":16}},"209":{"start":{"line":523,"column":0},"end":{"line":539,"column":2}},"210":{"start":{"line":524,"column":2},"end":{"line":538,"column":3}},"211":{"start":{"line":525,"column":23},"end":{"line":525,"column":56}},"212":{"start":{"line":526,"column":17},"end":{"line":526,"column":61}},"213":{"start":{"line":528,"column":4},"end":{"line":531,"column":7}},"214":{"start":{"line":533,"column":4},"end":{"line":533,"column":79}},"215":{"start":{"line":534,"column":4},"end":{"line":537,"column":7}},"216":{"start":{"line":541,"column":0},"end":{"line":555,"column":2}},"217":{"start":{"line":542,"column":2},"end":{"line":554,"column":3}},"218":{"start":{"line":543,"column":17},"end":{"line":543,"column":51}},"219":{"start":{"line":544,"column":4},"end":{"line":547,"column":7}},"220":{"start":{"line":549,"column":4},"end":{"line":549,"column":79}},"221":{"start":{"line":550,"column":4},"end":{"line":553,"column":7}},"222":{"start":{"line":557,"column":0},"end":{"line":573,"column":2}},"223":{"start":{"line":558,"column":2},"end":{"line":572,"column":3}},"224":{"start":{"line":559,"column":23},"end":{"line":559,"column":56}},"225":{"start":{"line":560,"column":17},"end":{"line":560,"column":57}},"226":{"start":{"line":562,"column":4},"end":{"line":565,"column":7}},"227":{"start":{"line":567,"column":4},"end":{"line":567,"column":75}},"228":{"start":{"line":568,"column":4},"end":{"line":571,"column":7}},"229":{"start":{"line":575,"column":0},"end":{"line":591,"column":2}},"230":{"start":{"line":576,"column":2},"end":{"line":590,"column":3}},"231":{"start":{"line":577,"column":23},"end":{"line":577,"column":56}},"232":{"start":{"line":578,"column":17},"end":{"line":578,"column":60}},"233":{"start":{"line":580,"column":4},"end":{"line":583,"column":7}},"234":{"start":{"line":585,"column":4},"end":{"line":585,"column":78}},"235":{"start":{"line":586,"column":4},"end":{"line":589,"column":7}},"236":{"start":{"line":593,"column":0},"end":{"line":609,"column":2}},"237":{"start":{"line":594,"column":2},"end":{"line":608,"column":3}},"238":{"start":{"line":595,"column":23},"end":{"line":595,"column":56}},"239":{"start":{"line":596,"column":17},"end":{"line":596,"column":58}},"240":{"start":{"line":598,"column":4},"end":{"line":601,"column":7}},"241":{"start":{"line":603,"column":4},"end":{"line":603,"column":76}},"242":{"start":{"line":604,"column":4},"end":{"line":607,"column":7}},"243":{"start":{"line":611,"column":0},"end":{"line":625,"column":2}},"244":{"start":{"line":612,"column":2},"end":{"line":624,"column":3}},"245":{"start":{"line":613,"column":17},"end":{"line":613,"column":53}},"246":{"start":{"line":614,"column":4},"end":{"line":617,"column":7}},"247":{"start":{"line":619,"column":4},"end":{"line":619,"column":82}},"248":{"start":{"line":620,"column":4},"end":{"line":623,"column":7}},"249":{"start":{"line":627,"column":0},"end":{"line":642,"column":2}},"250":{"start":{"line":628,"column":2},"end":{"line":641,"column":3}},"251":{"start":{"line":629,"column":17},"end":{"line":629,"column":46}},"252":{"start":{"line":630,"column":4},"end":{"line":633,"column":7}},"253":{"start":{"line":635,"column":4},"end":{"line":635,"column":74}},"254":{"start":{"line":636,"column":4},"end":{"line":640,"column":7}},"255":{"start":{"line":644,"column":0},"end":{"line":687,"column":2}},"256":{"start":{"line":645,"column":2},"end":{"line":686,"column":3}},"257":{"start":{"line":646,"column":18},"end":{"line":646,"column":33}},"258":{"start":{"line":647,"column":17},"end":{"line":647,"column":50}},"259":{"start":{"line":648,"column":18},"end":{"line":648,"column":54}},"260":{"start":{"line":649,"column":19},"end":{"line":649,"column":37}},"261":{"start":{"line":651,"column":20},"end":{"line":651,"column":47}},"262":{"start":{"line":652,"column":19},"end":{"line":652,"column":21}},"263":{"start":{"line":654,"column":4},"end":{"line":657,"column":5}},"264":{"start":{"line":655,"column":6},"end":{"line":655,"column":39}},"265":{"start":{"line":656,"column":6},"end":{"line":656,"column":25}},"266":{"start":{"line":659,"column":23},"end":{"line":659,"column":40}},"267":{"start":{"line":660,"column":24},"end":{"line":660,"column":41}},"268":{"start":{"line":662,"column":4},"end":{"line":662,"column":89}},"269":{"start":{"line":663,"column":4},"end":{"line":663,"column":31}},"270":{"start":{"line":665,"column":19},"end":{"line":665,"column":54}},"271":{"start":{"line":667,"column":23},"end":{"line":667,"column":92}},"272":{"start":{"line":668,"column":24},"end":{"line":668,"column":44}},"273":{"start":{"line":669,"column":24},"end":{"line":669,"column":65}},"274":{"start":{"line":671,"column":4},"end":{"line":679,"column":7}},"275":{"start":{"line":681,"column":4},"end":{"line":681,"column":72}},"276":{"start":{"line":682,"column":4},"end":{"line":685,"column":7}},"277":{"start":{"line":689,"column":0},"end":{"line":729,"column":2}},"278":{"start":{"line":690,"column":2},"end":{"line":728,"column":3}},"279":{"start":{"line":691,"column":56},"end":{"line":691,"column":65}},"280":{"start":{"line":692,"column":23},"end":{"line":692,"column":46}},"281":{"start":{"line":696,"column":4},"end":{"line":708,"column":5}},"282":{"start":{"line":698,"column":8},"end":{"line":698,"column":56}},"283":{"start":{"line":699,"column":8},"end":{"line":699,"column":14}},"284":{"start":{"line":701,"column":8},"end":{"line":701,"column":59}},"285":{"start":{"line":702,"column":8},"end":{"line":702,"column":14}},"286":{"start":{"line":704,"column":8},"end":{"line":704,"column":57}},"287":{"start":{"line":705,"column":8},"end":{"line":705,"column":14}},"288":{"start":{"line":707,"column":8},"end":{"line":707,"column":60}},"289":{"start":{"line":710,"column":20},"end":{"line":713,"column":5}},"290":{"start":{"line":715,"column":4},"end":{"line":715,"column":54}},"291":{"start":{"line":716,"column":4},"end":{"line":719,"column":6}},"292":{"start":{"line":721,"column":4},"end":{"line":721,"column":22}},"293":{"start":{"line":723,"column":4},"end":{"line":723,"column":70}},"294":{"start":{"line":724,"column":4},"end":{"line":727,"column":7}}},"fnMap":{"0":{"name":"(anonymous_0)","decl":{"start":{"line":10,"column":20},"end":{"line":10,"column":21}},"loc":{"start":{"line":10,"column":41},"end":{"line":13,"column":1}},"line":10},"1":{"name":"(anonymous_1)","decl":{"start":{"line":15,"column":23},"end":{"line":15,"column":24}},"loc":{"start":{"line":15,"column":39},"end":{"line":19,"column":1}},"line":15},"2":{"name":"(anonymous_2)","decl":{"start":{"line":21,"column":26},"end":{"line":21,"column":27}},"loc":{"start":{"line":21,"column":38},"end":{"line":24,"column":1}},"line":21},"3":{"name":"(anonymous_3)","decl":{"start":{"line":26,"column":20},"end":{"line":26,"column":21}},"loc":{"start":{"line":26,"column":46},"end":{"line":28,"column":1}},"line":26},"4":{"name":"(anonymous_4)","decl":{"start":{"line":30,"column":35},"end":{"line":30,"column":36}},"loc":{"start":{"line":30,"column":57},"end":{"line":121,"column":1}},"line":30},"5":{"name":"(anonymous_5)","decl":{"start":{"line":34,"column":43},"end":{"line":34,"column":44}},"loc":{"start":{"line":34,"column":50},"end":{"line":34,"column":71}},"line":34},"6":{"name":"(anonymous_6)","decl":{"start":{"line":35,"column":45},"end":{"line":35,"column":46}},"loc":{"start":{"line":35,"column":52},"end":{"line":35,"column":75}},"line":35},"7":{"name":"(anonymous_7)","decl":{"start":{"line":36,"column":40},"end":{"line":36,"column":41}},"loc":{"start":{"line":36,"column":52},"end":{"line":36,"column":92}},"line":36},"8":{"name":"(anonymous_8)","decl":{"start":{"line":46,"column":58},"end":{"line":46,"column":59}},"loc":{"start":{"line":46,"column":67},"end":{"line":49,"column":5}},"line":46},"9":{"name":"(anonymous_9)","decl":{"start":{"line":51,"column":27},"end":{"line":51,"column":28}},"loc":{"start":{"line":51,"column":36},"end":{"line":61,"column":5}},"line":51},"10":{"name":"(anonymous_10)","decl":{"start":{"line":71,"column":44},"end":{"line":71,"column":45}},"loc":{"start":{"line":71,"column":58},"end":{"line":71,"column":91}},"line":71},"11":{"name":"(anonymous_11)","decl":{"start":{"line":73,"column":6},"end":{"line":73,"column":7}},"loc":{"start":{"line":73,"column":20},"end":{"line":73,"column":62}},"line":73},"12":{"name":"(anonymous_12)","decl":{"start":{"line":78,"column":68},"end":{"line":78,"column":69}},"loc":{"start":{"line":78,"column":93},"end":{"line":83,"column":3}},"line":78},"13":{"name":"(anonymous_13)","decl":{"start":{"line":86,"column":4},"end":{"line":86,"column":5}},"loc":{"start":{"line":86,"column":19},"end":{"line":91,"column":5}},"line":86},"14":{"name":"(anonymous_14)","decl":{"start":{"line":123,"column":35},"end":{"line":123,"column":36}},"loc":{"start":{"line":123,"column":47},"end":{"line":176,"column":1}},"line":123},"15":{"name":"(anonymous_15)","decl":{"start":{"line":144,"column":20},"end":{"line":144,"column":21}},"loc":{"start":{"line":144,"column":34},"end":{"line":167,"column":3}},"line":144},"16":{"name":"(anonymous_16)","decl":{"start":{"line":169,"column":45},"end":{"line":169,"column":46}},"loc":{"start":{"line":169,"column":59},"end":{"line":173,"column":3}},"line":169},"17":{"name":"(anonymous_17)","decl":{"start":{"line":178,"column":31},"end":{"line":178,"column":32}},"loc":{"start":{"line":178,"column":53},"end":{"line":266,"column":1}},"line":178},"18":{"name":"(anonymous_18)","decl":{"start":{"line":190,"column":58},"end":{"line":190,"column":59}},"loc":{"start":{"line":190,"column":67},"end":{"line":193,"column":5}},"line":190},"19":{"name":"(anonymous_19)","decl":{"start":{"line":196,"column":6},"end":{"line":196,"column":7}},"loc":{"start":{"line":196,"column":20},"end":{"line":203,"column":7}},"line":196},"20":{"name":"(anonymous_20)","decl":{"start":{"line":208,"column":27},"end":{"line":208,"column":28}},"loc":{"start":{"line":208,"column":36},"end":{"line":211,"column":5}},"line":208},"21":{"name":"(anonymous_21)","decl":{"start":{"line":228,"column":85},"end":{"line":228,"column":86}},"loc":{"start":{"line":228,"column":110},"end":{"line":231,"column":9}},"line":228},"22":{"name":"(anonymous_22)","decl":{"start":{"line":238,"column":25},"end":{"line":238,"column":26}},"loc":{"start":{"line":238,"column":35},"end":{"line":238,"column":56}},"line":238},"23":{"name":"(anonymous_23)","decl":{"start":{"line":242,"column":9},"end":{"line":242,"column":10}},"loc":{"start":{"line":242,"column":19},"end":{"line":245,"column":5}},"line":242},"24":{"name":"(anonymous_24)","decl":{"start":{"line":258,"column":57},"end":{"line":258,"column":58}},"loc":{"start":{"line":258,"column":82},"end":{"line":261,"column":7}},"line":258},"25":{"name":"(anonymous_25)","decl":{"start":{"line":268,"column":34},"end":{"line":268,"column":35}},"loc":{"start":{"line":268,"column":56},"end":{"line":344,"column":1}},"line":268},"26":{"name":"(anonymous_26)","decl":{"start":{"line":286,"column":70},"end":{"line":286,"column":71}},"loc":{"start":{"line":286,"column":77},"end":{"line":289,"column":5}},"line":286},"27":{"name":"(anonymous_27)","decl":{"start":{"line":291,"column":31},"end":{"line":291,"column":32}},"loc":{"start":{"line":291,"column":48},"end":{"line":313,"column":5}},"line":291},"28":{"name":"(anonymous_28)","decl":{"start":{"line":346,"column":32},"end":{"line":346,"column":33}},"loc":{"start":{"line":346,"column":54},"end":{"line":422,"column":1}},"line":346},"29":{"name":"(anonymous_29)","decl":{"start":{"line":372,"column":33},"end":{"line":372,"column":34}},"loc":{"start":{"line":372,"column":47},"end":{"line":372,"column":80}},"line":372},"30":{"name":"(anonymous_30)","decl":{"start":{"line":373,"column":31},"end":{"line":373,"column":32}},"loc":{"start":{"line":373,"column":45},"end":{"line":373,"column":87}},"line":373},"31":{"name":"(anonymous_31)","decl":{"start":{"line":379,"column":17},"end":{"line":379,"column":18}},"loc":{"start":{"line":379,"column":26},"end":{"line":382,"column":5}},"line":379},"32":{"name":"(anonymous_32)","decl":{"start":{"line":398,"column":31},"end":{"line":398,"column":32}},"loc":{"start":{"line":398,"column":41},"end":{"line":398,"column":58}},"line":398},"33":{"name":"(anonymous_33)","decl":{"start":{"line":424,"column":37},"end":{"line":424,"column":38}},"loc":{"start":{"line":424,"column":49},"end":{"line":485,"column":1}},"line":424},"34":{"name":"(anonymous_34)","decl":{"start":{"line":451,"column":21},"end":{"line":451,"column":22}},"loc":{"start":{"line":451,"column":30},"end":{"line":475,"column":5}},"line":451},"35":{"name":"(anonymous_35)","decl":{"start":{"line":478,"column":30},"end":{"line":478,"column":31}},"loc":{"start":{"line":478,"column":40},"end":{"line":478,"column":71}},"line":478},"36":{"name":"(anonymous_36)","decl":{"start":{"line":480,"column":48},"end":{"line":480,"column":49}},"loc":{"start":{"line":480,"column":57},"end":{"line":482,"column":3}},"line":480},"37":{"name":"(anonymous_37)","decl":{"start":{"line":487,"column":30},"end":{"line":487,"column":31}},"loc":{"start":{"line":487,"column":42},"end":{"line":521,"column":1}},"line":487},"38":{"name":"(anonymous_38)","decl":{"start":{"line":523,"column":31},"end":{"line":523,"column":32}},"loc":{"start":{"line":523,"column":51},"end":{"line":539,"column":1}},"line":523},"39":{"name":"(anonymous_39)","decl":{"start":{"line":541,"column":31},"end":{"line":541,"column":32}},"loc":{"start":{"line":541,"column":51},"end":{"line":555,"column":1}},"line":541},"40":{"name":"(anonymous_40)","decl":{"start":{"line":557,"column":27},"end":{"line":557,"column":28}},"loc":{"start":{"line":557,"column":47},"end":{"line":573,"column":1}},"line":557},"41":{"name":"(anonymous_41)","decl":{"start":{"line":575,"column":30},"end":{"line":575,"column":31}},"loc":{"start":{"line":575,"column":50},"end":{"line":591,"column":1}},"line":575},"42":{"name":"(anonymous_42)","decl":{"start":{"line":593,"column":28},"end":{"line":593,"column":29}},"loc":{"start":{"line":593,"column":48},"end":{"line":609,"column":1}},"line":593},"43":{"name":"(anonymous_43)","decl":{"start":{"line":611,"column":33},"end":{"line":611,"column":34}},"loc":{"start":{"line":611,"column":53},"end":{"line":625,"column":1}},"line":611},"44":{"name":"(anonymous_44)","decl":{"start":{"line":627,"column":26},"end":{"line":627,"column":27}},"loc":{"start":{"line":627,"column":46},"end":{"line":642,"column":1}},"line":627},"45":{"name":"(anonymous_45)","decl":{"start":{"line":644,"column":24},"end":{"line":644,"column":25}},"loc":{"start":{"line":644,"column":44},"end":{"line":687,"column":1}},"line":644},"46":{"name":"(anonymous_46)","decl":{"start":{"line":689,"column":23},"end":{"line":689,"column":24}},"loc":{"start":{"line":689,"column":43},"end":{"line":729,"column":1}},"line":689}},"branchMap":{"0":{"loc":{"start":{"line":12,"column":9},"end":{"line":12,"column":66}},"type":"cond-expr","locations":[{"start":{"line":12,"column":49},"end":{"line":12,"column":55}},{"start":{"line":12,"column":58},"end":{"line":12,"column":66}}],"line":12},"1":{"loc":{"start":{"line":12,"column":9},"end":{"line":12,"column":46}},"type":"binary-expr","locations":[{"start":{"line":12,"column":9},"end":{"line":12,"column":32}},{"start":{"line":12,"column":36},"end":{"line":12,"column":46}}],"line":12},"2":{"loc":{"start":{"line":23,"column":9},"end":{"line":23,"column":31}},"type":"binary-expr","locations":[{"start":{"line":23,"column":9},"end":{"line":23,"column":25}},{"start":{"line":23,"column":29},"end":{"line":23,"column":31}}],"line":23},"3":{"loc":{"start":{"line":26,"column":28},"end":{"line":26,"column":41}},"type":"default-arg","locations":[{"start":{"line":26,"column":40},"end":{"line":26,"column":41}}],"line":26},"4":{"loc":{"start":{"line":27,"column":27},"end":{"line":27,"column":37}},"type":"binary-expr","locations":[{"start":{"line":27,"column":27},"end":{"line":27,"column":32}},{"start":{"line":27,"column":36},"end":{"line":27,"column":37}}],"line":27},"5":{"loc":{"start":{"line":36,"column":69},"end":{"line":36,"column":91}},"type":"binary-expr","locations":[{"start":{"line":36,"column":69},"end":{"line":36,"column":86}},{"start":{"line":36,"column":90},"end":{"line":36,"column":91}}],"line":36},"6":{"loc":{"start":{"line":48,"column":13},"end":{"line":48,"column":59}},"type":"binary-expr","locations":[{"start":{"line":48,"column":13},"end":{"line":48,"column":35}},{"start":{"line":48,"column":39},"end":{"line":48,"column":59}}],"line":48},"7":{"loc":{"start":{"line":52,"column":23},"end":{"line":52,"column":65}},"type":"binary-expr","locations":[{"start":{"line":52,"column":23},"end":{"line":52,"column":35}},{"start":{"line":52,"column":39},"end":{"line":52,"column":56}},{"start":{"line":52,"column":60},"end":{"line":52,"column":65}}],"line":52},"8":{"loc":{"start":{"line":53,"column":35},"end":{"line":56,"column":7}},"type":"binary-expr","locations":[{"start":{"line":53,"column":35},"end":{"line":53,"column":61}},{"start":{"line":53,"column":65},"end":{"line":56,"column":7}}],"line":53},"9":{"loc":{"start":{"line":58,"column":56},"end":{"line":58,"column":77}},"type":"binary-expr","locations":[{"start":{"line":58,"column":56},"end":{"line":58,"column":72}},{"start":{"line":58,"column":76},"end":{"line":58,"column":77}}],"line":58},"10":{"loc":{"start":{"line":59,"column":52},"end":{"line":59,"column":72}},"type":"binary-expr","locations":[{"start":{"line":59,"column":52},"end":{"line":59,"column":67}},{"start":{"line":59,"column":71},"end":{"line":59,"column":72}}],"line":59},"11":{"loc":{"start":{"line":71,"column":65},"end":{"line":71,"column":90}},"type":"binary-expr","locations":[{"start":{"line":71,"column":65},"end":{"line":71,"column":85}},{"start":{"line":71,"column":89},"end":{"line":71,"column":90}}],"line":71},"12":{"loc":{"start":{"line":73,"column":37},"end":{"line":73,"column":61}},"type":"binary-expr","locations":[{"start":{"line":73,"column":37},"end":{"line":73,"column":56}},{"start":{"line":73,"column":60},"end":{"line":73,"column":61}}],"line":73},"13":{"loc":{"start":{"line":117,"column":57},"end":{"line":117,"column":72}},"type":"binary-expr","locations":[{"start":{"line":117,"column":57},"end":{"line":117,"column":67}},{"start":{"line":117,"column":71},"end":{"line":117,"column":72}}],"line":117},"14":{"loc":{"start":{"line":145,"column":22},"end":{"line":145,"column":50}},"type":"binary-expr","locations":[{"start":{"line":145,"column":22},"end":{"line":145,"column":37}},{"start":{"line":145,"column":41},"end":{"line":145,"column":50}}],"line":145},"15":{"loc":{"start":{"line":146,"column":38},"end":{"line":146,"column":73}},"type":"binary-expr","locations":[{"start":{"line":146,"column":38},"end":{"line":146,"column":68}},{"start":{"line":146,"column":72},"end":{"line":146,"column":73}}],"line":146},"16":{"loc":{"start":{"line":148,"column":24},"end":{"line":148,"column":50}},"type":"binary-expr","locations":[{"start":{"line":148,"column":24},"end":{"line":148,"column":41}},{"start":{"line":148,"column":45},"end":{"line":148,"column":50}}],"line":148},"17":{"loc":{"start":{"line":149,"column":4},"end":{"line":154,"column":5}},"type":"if","locations":[{"start":{"line":149,"column":4},"end":{"line":154,"column":5}},{"start":{},"end":{}}],"line":149},"18":{"loc":{"start":{"line":156,"column":67},"end":{"line":156,"column":96}},"type":"binary-expr","locations":[{"start":{"line":156,"column":67},"end":{"line":156,"column":91}},{"start":{"line":156,"column":95},"end":{"line":156,"column":96}}],"line":156},"19":{"loc":{"start":{"line":158,"column":23},"end":{"line":158,"column":52}},"type":"binary-expr","locations":[{"start":{"line":158,"column":23},"end":{"line":158,"column":39}},{"start":{"line":158,"column":43},"end":{"line":158,"column":52}}],"line":158},"20":{"loc":{"start":{"line":159,"column":40},"end":{"line":159,"column":77}},"type":"binary-expr","locations":[{"start":{"line":159,"column":40},"end":{"line":159,"column":72}},{"start":{"line":159,"column":76},"end":{"line":159,"column":77}}],"line":159},"21":{"loc":{"start":{"line":161,"column":31},"end":{"line":161,"column":60}},"type":"binary-expr","locations":[{"start":{"line":161,"column":31},"end":{"line":161,"column":55}},{"start":{"line":161,"column":59},"end":{"line":161,"column":60}}],"line":161},"22":{"loc":{"start":{"line":162,"column":4},"end":{"line":166,"column":54}},"type":"if","locations":[{"start":{"line":162,"column":4},"end":{"line":166,"column":54}},{"start":{"line":163,"column":9},"end":{"line":166,"column":54}}],"line":162},"23":{"loc":{"start":{"line":163,"column":9},"end":{"line":166,"column":54}},"type":"if","locations":[{"start":{"line":163,"column":9},"end":{"line":166,"column":54}},{"start":{"line":164,"column":9},"end":{"line":166,"column":54}}],"line":163},"24":{"loc":{"start":{"line":164,"column":9},"end":{"line":166,"column":54}},"type":"if","locations":[{"start":{"line":164,"column":9},"end":{"line":166,"column":54}},{"start":{"line":165,"column":9},"end":{"line":166,"column":54}}],"line":164},"25":{"loc":{"start":{"line":165,"column":9},"end":{"line":166,"column":54}},"type":"if","locations":[{"start":{"line":165,"column":9},"end":{"line":166,"column":54}},{"start":{"line":166,"column":9},"end":{"line":166,"column":54}}],"line":165},"26":{"loc":{"start":{"line":192,"column":13},"end":{"line":192,"column":59}},"type":"binary-expr","locations":[{"start":{"line":192,"column":13},"end":{"line":192,"column":35}},{"start":{"line":192,"column":39},"end":{"line":192,"column":59}}],"line":192},"27":{"loc":{"start":{"line":197,"column":25},"end":{"line":197,"column":67}},"type":"binary-expr","locations":[{"start":{"line":197,"column":25},"end":{"line":197,"column":37}},{"start":{"line":197,"column":41},"end":{"line":197,"column":58}},{"start":{"line":197,"column":62},"end":{"line":197,"column":67}}],"line":197},"28":{"loc":{"start":{"line":198,"column":34},"end":{"line":198,"column":55}},"type":"binary-expr","locations":[{"start":{"line":198,"column":34},"end":{"line":198,"column":50}},{"start":{"line":198,"column":54},"end":{"line":198,"column":55}}],"line":198},"29":{"loc":{"start":{"line":200,"column":36},"end":{"line":200,"column":65}},"type":"binary-expr","locations":[{"start":{"line":200,"column":36},"end":{"line":200,"column":60}},{"start":{"line":200,"column":64},"end":{"line":200,"column":65}}],"line":200},"30":{"loc":{"start":{"line":201,"column":39},"end":{"line":201,"column":71}},"type":"binary-expr","locations":[{"start":{"line":201,"column":39},"end":{"line":201,"column":66}},{"start":{"line":201,"column":70},"end":{"line":201,"column":71}}],"line":201},"31":{"loc":{"start":{"line":210,"column":27},"end":{"line":210,"column":49}},"type":"binary-expr","locations":[{"start":{"line":210,"column":27},"end":{"line":210,"column":44}},{"start":{"line":210,"column":48},"end":{"line":210,"column":49}}],"line":210},"32":{"loc":{"start":{"line":210,"column":64},"end":{"line":210,"column":85}},"type":"binary-expr","locations":[{"start":{"line":210,"column":64},"end":{"line":210,"column":80}},{"start":{"line":210,"column":84},"end":{"line":210,"column":85}}],"line":210},"33":{"loc":{"start":{"line":222,"column":4},"end":{"line":235,"column":5}},"type":"if","locations":[{"start":{"line":222,"column":4},"end":{"line":235,"column":5}},{"start":{},"end":{}}],"line":222},"34":{"loc":{"start":{"line":256,"column":60},"end":{"line":256,"column":75}},"type":"binary-expr","locations":[{"start":{"line":256,"column":60},"end":{"line":256,"column":70}},{"start":{"line":256,"column":74},"end":{"line":256,"column":75}}],"line":256},"35":{"loc":{"start":{"line":257,"column":59},"end":{"line":257,"column":74}},"type":"binary-expr","locations":[{"start":{"line":257,"column":59},"end":{"line":257,"column":69}},{"start":{"line":257,"column":73},"end":{"line":257,"column":74}}],"line":257},"36":{"loc":{"start":{"line":288,"column":13},"end":{"line":288,"column":59}},"type":"binary-expr","locations":[{"start":{"line":288,"column":13},"end":{"line":288,"column":35}},{"start":{"line":288,"column":39},"end":{"line":288,"column":59}}],"line":288},"37":{"loc":{"start":{"line":293,"column":32},"end":{"line":293,"column":55}},"type":"binary-expr","locations":[{"start":{"line":293,"column":32},"end":{"line":293,"column":50}},{"start":{"line":293,"column":54},"end":{"line":293,"column":55}}],"line":293},"38":{"loc":{"start":{"line":296,"column":24},"end":{"line":296,"column":55}},"type":"binary-expr","locations":[{"start":{"line":296,"column":24},"end":{"line":296,"column":42}},{"start":{"line":296,"column":46},"end":{"line":296,"column":55}}],"line":296},"39":{"loc":{"start":{"line":297,"column":40},"end":{"line":297,"column":75}},"type":"binary-expr","locations":[{"start":{"line":297,"column":40},"end":{"line":297,"column":70}},{"start":{"line":297,"column":74},"end":{"line":297,"column":75}}],"line":297},"40":{"loc":{"start":{"line":299,"column":6},"end":{"line":312,"column":7}},"type":"if","locations":[{"start":{"line":299,"column":6},"end":{"line":312,"column":7}},{"start":{"line":302,"column":13},"end":{"line":312,"column":7}}],"line":299},"41":{"loc":{"start":{"line":302,"column":13},"end":{"line":312,"column":7}},"type":"if","locations":[{"start":{"line":302,"column":13},"end":{"line":312,"column":7}},{"start":{"line":310,"column":13},"end":{"line":312,"column":7}}],"line":302},"42":{"loc":{"start":{"line":306,"column":8},"end":{"line":309,"column":9}},"type":"if","locations":[{"start":{"line":306,"column":8},"end":{"line":309,"column":9}},{"start":{},"end":{}}],"line":306},"43":{"loc":{"start":{"line":308,"column":13},"end":{"line":308,"column":69}},"type":"binary-expr","locations":[{"start":{"line":308,"column":13},"end":{"line":308,"column":64}},{"start":{"line":308,"column":68},"end":{"line":308,"column":69}}],"line":308},"44":{"loc":{"start":{"line":317,"column":22},"end":{"line":317,"column":89}},"type":"cond-expr","locations":[{"start":{"line":317,"column":42},"end":{"line":317,"column":85}},{"start":{"line":317,"column":88},"end":{"line":317,"column":89}}],"line":317},"45":{"loc":{"start":{"line":372,"column":54},"end":{"line":372,"column":79}},"type":"binary-expr","locations":[{"start":{"line":372,"column":54},"end":{"line":372,"column":74}},{"start":{"line":372,"column":78},"end":{"line":372,"column":79}}],"line":372},"46":{"loc":{"start":{"line":373,"column":62},"end":{"line":373,"column":86}},"type":"binary-expr","locations":[{"start":{"line":373,"column":62},"end":{"line":373,"column":81}},{"start":{"line":373,"column":85},"end":{"line":373,"column":86}}],"line":373},"47":{"loc":{"start":{"line":380,"column":6},"end":{"line":381,"column":106}},"type":"if","locations":[{"start":{"line":380,"column":6},"end":{"line":381,"column":106}},{"start":{"line":381,"column":11},"end":{"line":381,"column":106}}],"line":380},"48":{"loc":{"start":{"line":381,"column":11},"end":{"line":381,"column":106}},"type":"if","locations":[{"start":{"line":381,"column":11},"end":{"line":381,"column":106}},{"start":{},"end":{}}],"line":381},"49":{"loc":{"start":{"line":384,"column":23},"end":{"line":384,"column":52}},"type":"binary-expr","locations":[{"start":{"line":384,"column":23},"end":{"line":384,"column":39}},{"start":{"line":384,"column":43},"end":{"line":384,"column":52}}],"line":384},"50":{"loc":{"start":{"line":385,"column":46},"end":{"line":385,"column":89}},"type":"binary-expr","locations":[{"start":{"line":385,"column":46},"end":{"line":385,"column":84}},{"start":{"line":385,"column":88},"end":{"line":385,"column":89}}],"line":385},"51":{"loc":{"start":{"line":387,"column":4},"end":{"line":395,"column":5}},"type":"if","locations":[{"start":{"line":387,"column":4},"end":{"line":395,"column":5}},{"start":{},"end":{}}],"line":387},"52":{"loc":{"start":{"line":411,"column":44},"end":{"line":411,"column":70}},"type":"binary-expr","locations":[{"start":{"line":411,"column":44},"end":{"line":411,"column":65}},{"start":{"line":411,"column":69},"end":{"line":411,"column":70}}],"line":411},"53":{"loc":{"start":{"line":415,"column":41},"end":{"line":415,"column":67}},"type":"binary-expr","locations":[{"start":{"line":415,"column":41},"end":{"line":415,"column":62}},{"start":{"line":415,"column":66},"end":{"line":415,"column":67}}],"line":415},"54":{"loc":{"start":{"line":452,"column":24},"end":{"line":452,"column":45}},"type":"binary-expr","locations":[{"start":{"line":452,"column":24},"end":{"line":452,"column":34}},{"start":{"line":452,"column":38},"end":{"line":452,"column":45}}],"line":452},"55":{"loc":{"start":{"line":454,"column":37},"end":{"line":454,"column":69}},"type":"binary-expr","locations":[{"start":{"line":454,"column":37},"end":{"line":454,"column":64}},{"start":{"line":454,"column":68},"end":{"line":454,"column":69}}],"line":454},"56":{"loc":{"start":{"line":456,"column":32},"end":{"line":456,"column":53}},"type":"binary-expr","locations":[{"start":{"line":456,"column":32},"end":{"line":456,"column":48}},{"start":{"line":456,"column":52},"end":{"line":456,"column":53}}],"line":456},"57":{"loc":{"start":{"line":457,"column":6},"end":{"line":474,"column":7}},"type":"if","locations":[{"start":{"line":457,"column":6},"end":{"line":474,"column":7}},{"start":{"line":472,"column":13},"end":{"line":474,"column":7}}],"line":457},"58":{"loc":{"start":{"line":458,"column":8},"end":{"line":459,"column":82}},"type":"binary-expr","locations":[{"start":{"line":458,"column":8},"end":{"line":458,"column":31}},{"start":{"line":459,"column":9},"end":{"line":459,"column":31}},{"start":{"line":459,"column":35},"end":{"line":459,"column":47}},{"start":{"line":459,"column":51},"end":{"line":459,"column":81}}],"line":458},"59":{"loc":{"start":{"line":472,"column":13},"end":{"line":474,"column":7}},"type":"if","locations":[{"start":{"line":472,"column":13},"end":{"line":474,"column":7}},{"start":{},"end":{}}],"line":472},"60":{"loc":{"start":{"line":515,"column":2},"end":{"line":518,"column":3}},"type":"if","locations":[{"start":{"line":515,"column":2},"end":{"line":518,"column":3}},{"start":{},"end":{}}],"line":515},"61":{"loc":{"start":{"line":647,"column":17},"end":{"line":647,"column":50}},"type":"binary-expr","locations":[{"start":{"line":647,"column":17},"end":{"line":647,"column":45}},{"start":{"line":647,"column":49},"end":{"line":647,"column":50}}],"line":647},"62":{"loc":{"start":{"line":648,"column":18},"end":{"line":648,"column":54}},"type":"binary-expr","locations":[{"start":{"line":648,"column":18},"end":{"line":648,"column":47}},{"start":{"line":648,"column":51},"end":{"line":648,"column":54}}],"line":648},"63":{"loc":{"start":{"line":654,"column":4},"end":{"line":657,"column":5}},"type":"if","locations":[{"start":{"line":654,"column":4},"end":{"line":657,"column":5}},{"start":{},"end":{}}],"line":654},"64":{"loc":{"start":{"line":667,"column":58},"end":{"line":667,"column":90}},"type":"cond-expr","locations":[{"start":{"line":667,"column":66},"end":{"line":667,"column":85}},{"start":{"line":667,"column":88},"end":{"line":667,"column":90}}],"line":667},"65":{"loc":{"start":{"line":668,"column":24},"end":{"line":668,"column":44}},"type":"cond-expr","locations":[{"start":{"line":668,"column":32},"end":{"line":668,"column":39}},{"start":{"line":668,"column":42},"end":{"line":668,"column":44}}],"line":668},"66":{"loc":{"start":{"line":691,"column":12},"end":{"line":691,"column":36}},"type":"default-arg","locations":[{"start":{"line":691,"column":26},"end":{"line":691,"column":36}}],"line":691},"67":{"loc":{"start":{"line":691,"column":38},"end":{"line":691,"column":51}},"type":"default-arg","locations":[{"start":{"line":691,"column":47},"end":{"line":691,"column":51}}],"line":691},"68":{"loc":{"start":{"line":696,"column":4},"end":{"line":708,"column":5}},"type":"switch","locations":[{"start":{"line":697,"column":6},"end":{"line":699,"column":14}},{"start":{"line":700,"column":6},"end":{"line":702,"column":14}},{"start":{"line":703,"column":6},"end":{"line":705,"column":14}},{"start":{"line":706,"column":6},"end":{"line":707,"column":60}}],"line":696}},"s":{"0":3,"1":3,"2":3,"3":3,"4":3,"5":3,"6":3,"7":3,"8":0,"9":0,"10":3,"11":0,"12":0,"13":0,"14":3,"15":0,"16":0,"17":3,"18":0,"19":3,"20":0,"21":0,"22":0,"23":0,"24":0,"25":0,"26":0,"27":0,"28":0,"29":0,"30":0,"31":0,"32":0,"33":0,"34":0,"35":0,"36":0,"37":0,"38":0,"39":0,"40":0,"41":0,"42":0,"43":0,"44":0,"45":0,"46":0,"47":0,"48":0,"49":0,"50":0,"51":0,"52":0,"53":0,"54":0,"55":0,"56":0,"57":0,"58":3,"59":0,"60":0,"61":0,"62":0,"63":0,"64":0,"65":0,"66":0,"67":0,"68":0,"69":0,"70":0,"71":0,"72":0,"73":0,"74":0,"75":0,"76":0,"77":0,"78":0,"79":0,"80":0,"81":0,"82":0,"83":0,"84":3,"85":0,"86":0,"87":0,"88":0,"89":0,"90":0,"91":0,"92":0,"93":0,"94":0,"95":0,"96":0,"97":0,"98":0,"99":0,"100":0,"101":0,"102":0,"103":0,"104":0,"105":0,"106":0,"107":0,"108":0,"109":0,"110":0,"111":0,"112":0,"113":0,"114":0,"115":0,"116":0,"117":0,"118":0,"119":0,"120":3,"121":0,"122":0,"123":0,"124":0,"125":0,"126":0,"127":0,"128":0,"129":0,"130":0,"131":0,"132":0,"133":0,"134":0,"135":0,"136":0,"137":0,"138":0,"139":0,"140":0,"141":0,"142":0,"143":0,"144":0,"145":0,"146":0,"147":3,"148":0,"149":0,"150":0,"151":0,"152":0,"153":0,"154":0,"155":0,"156":0,"157":0,"158":0,"159":0,"160":0,"161":0,"162":0,"163":0,"164":0,"165":0,"166":0,"167":0,"168":0,"169":0,"170":0,"171":0,"172":0,"173":0,"174":0,"175":3,"176":0,"177":0,"178":0,"179":0,"180":0,"181":0,"182":0,"183":0,"184":0,"185":0,"186":0,"187":0,"188":0,"189":0,"190":0,"191":0,"192":0,"193":0,"194":0,"195":0,"196":0,"197":0,"198":3,"199":0,"200":0,"201":0,"202":0,"203":0,"204":0,"205":0,"206":0,"207":0,"208":0,"209":3,"210":0,"211":0,"212":0,"213":0,"214":0,"215":0,"216":3,"217":0,"218":0,"219":0,"220":0,"221":0,"222":3,"223":0,"224":0,"225":0,"226":0,"227":0,"228":0,"229":3,"230":0,"231":0,"232":0,"233":0,"234":0,"235":0,"236":3,"237":0,"238":0,"239":0,"240":0,"241":0,"242":0,"243":3,"244":0,"245":0,"246":0,"247":0,"248":0,"249":3,"250":0,"251":0,"252":0,"253":0,"254":0,"255":3,"256":0,"257":0,"258":0,"259":0,"260":0,"261":0,"262":0,"263":0,"264":0,"265":0,"266":0,"267":0,"268":0,"269":0,"270":0,"271":0,"272":0,"273":0,"274":0,"275":0,"276":0,"277":3,"278":0,"279":0,"280":0,"281":0,"282":0,"283":0,"284":0,"285":0,"286":0,"287":0,"288":0,"289":0,"290":0,"291":0,"292":0,"293":0,"294":0},"f":{"0":0,"1":0,"2":0,"3":0,"4":0,"5":0,"6":0,"7":0,"8":0,"9":0,"10":0,"11":0,"12":0,"13":0,"14":0,"15":0,"16":0,"17":0,"18":0,"19":0,"20":0,"21":0,"22":0,"23":0,"24":0,"25":0,"26":0,"27":0,"28":0,"29":0,"30":0,"31":0,"32":0,"33":0,"34":0,"35":0,"36":0,"37":0,"38":0,"39":0,"40":0,"41":0,"42":0,"43":0,"44":0,"45":0,"46":0},"b":{"0":[0,0],"1":[0,0],"2":[0,0],"3":[0],"4":[0,0],"5":[0,0],"6":[0,0],"7":[0,0,0],"8":[0,0],"9":[0,0],"10":[0,0],"11":[0,0],"12":[0,0],"13":[0,0],"14":[0,0],"15":[0,0],"16":[0,0],"17":[0,0],"18":[0,0],"19":[0,0],"20":[0,0],"21":[0,0],"22":[0,0],"23":[0,0],"24":[0,0],"25":[0,0],"26":[0,0],"27":[0,0,0],"28":[0,0],"29":[0,0],"30":[0,0],"31":[0,0],"32":[0,0],"33":[0,0],"34":[0,0],"35":[0,0],"36":[0,0],"37":[0,0],"38":[0,0],"39":[0,0],"40":[0,0],"41":[0,0],"42":[0,0],"43":[0,0],"44":[0,0],"45":[0,0],"46":[0,0],"47":[0,0],"48":[0,0],"49":[0,0],"50":[0,0],"51":[0,0],"52":[0,0],"53":[0,0],"54":[0,0],"55":[0,0],"56":[0,0],"57":[0,0],"58":[0,0,0,0],"59":[0,0],"60":[0,0],"61":[0,0],"62":[0,0],"63":[0,0],"64":[0,0],"65":[0,0],"66":[0],"67":[0],"68":[0,0,0,0]},"_coverageSchema":"1a1c01bbd47fc00a2c39e90264f33305004495a9","hash":"4025124e753f28b5fbef09f2469a0251deecf8ab"}
,"/workspace/bal-bill/backend/controllers/billingController.js": {"path":"/workspace/bal-bill/backend/controllers/billingController.js","statementMap":{"0":{"start":{"line":1,"column":16},"end":{"line":1,"column":44}},"1":{"start":{"line":2,"column":24},"end":{"line":2,"column":60}},"2":{"start":{"line":3,"column":12},"end":{"line":3,"column":36}},"3":{"start":{"line":4,"column":17},"end":{"line":4,"column":46}},"4":{"start":{"line":5,"column":24},"end":{"line":5,"column":60}},"5":{"start":{"line":6,"column":21},"end":{"line":6,"column":53}},"6":{"start":{"line":7,"column":15},"end":{"line":7,"column":46}},"7":{"start":{"line":9,"column":30},"end":{"line":13,"column":1}},"8":{"start":{"line":10,"column":2},"end":{"line":10,"column":51}},"9":{"start":{"line":10,"column":41},"end":{"line":10,"column":51}},"10":{"start":{"line":11,"column":17},"end":{"line":11,"column":76}},"11":{"start":{"line":12,"column":2},"end":{"line":12,"column":36}},"12":{"start":{"line":16,"column":0},"end":{"line":93,"column":2}},"13":{"start":{"line":17,"column":2},"end":{"line":92,"column":3}},"14":{"start":{"line":18,"column":28},"end":{"line":18,"column":38}},"15":{"start":{"line":19,"column":27},"end":{"line":19,"column":41}},"16":{"start":{"line":21,"column":21},"end":{"line":21,"column":56}},"17":{"start":{"line":22,"column":4},"end":{"line":24,"column":5}},"18":{"start":{"line":23,"column":6},"end":{"line":23,"column":67}},"19":{"start":{"line":26,"column":4},"end":{"line":30,"column":5}},"20":{"start":{"line":27,"column":6},"end":{"line":29,"column":9}},"21":{"start":{"line":32,"column":22},"end":{"line":32,"column":67}},"22":{"start":{"line":33,"column":20},"end":{"line":33,"column":63}},"23":{"start":{"line":34,"column":25},"end":{"line":36,"column":61}},"24":{"start":{"line":38,"column":4},"end":{"line":40,"column":5}},"25":{"start":{"line":39,"column":6},"end":{"line":39,"column":77}},"26":{"start":{"line":42,"column":4},"end":{"line":46,"column":5}},"27":{"start":{"line":43,"column":6},"end":{"line":45,"column":9}},"28":{"start":{"line":48,"column":17},"end":{"line":48,"column":79}},"29":{"start":{"line":50,"column":27},"end":{"line":59,"column":6}},"30":{"start":{"line":61,"column":4},"end":{"line":63,"column":5}},"31":{"start":{"line":62,"column":6},"end":{"line":62,"column":96}},"32":{"start":{"line":65,"column":58},"end":{"line":65,"column":107}},"33":{"start":{"line":67,"column":4},"end":{"line":76,"column":7}},"34":{"start":{"line":78,"column":4},"end":{"line":85,"column":7}},"35":{"start":{"line":87,"column":4},"end":{"line":87,"column":73}},"36":{"start":{"line":88,"column":4},"end":{"line":91,"column":7}},"37":{"start":{"line":96,"column":0},"end":{"line":137,"column":2}},"38":{"start":{"line":97,"column":2},"end":{"line":136,"column":3}},"39":{"start":{"line":98,"column":27},"end":{"line":98,"column":37}},"40":{"start":{"line":99,"column":20},"end":{"line":99,"column":53}},"41":{"start":{"line":101,"column":4},"end":{"line":103,"column":5}},"42":{"start":{"line":102,"column":6},"end":{"line":102,"column":66}},"43":{"start":{"line":105,"column":34},"end":{"line":108,"column":6}},"44":{"start":{"line":110,"column":28},"end":{"line":120,"column":5}},"45":{"start":{"line":122,"column":4},"end":{"line":129,"column":7}},"46":{"start":{"line":131,"column":4},"end":{"line":131,"column":70}},"47":{"start":{"line":132,"column":4},"end":{"line":135,"column":7}},"48":{"start":{"line":140,"column":0},"end":{"line":195,"column":2}},"49":{"start":{"line":141,"column":2},"end":{"line":194,"column":3}},"50":{"start":{"line":142,"column":28},"end":{"line":142,"column":38}},"51":{"start":{"line":143,"column":17},"end":{"line":143,"column":50}},"52":{"start":{"line":144,"column":18},"end":{"line":144,"column":53}},"53":{"start":{"line":145,"column":23},"end":{"line":145,"column":32}},"54":{"start":{"line":147,"column":19},"end":{"line":147,"column":23}},"55":{"start":{"line":148,"column":4},"end":{"line":172,"column":5}},"56":{"start":{"line":149,"column":6},"end":{"line":149,"column":53}},"57":{"start":{"line":150,"column":6},"end":{"line":152,"column":7}},"58":{"start":{"line":151,"column":8},"end":{"line":151,"column":69}},"59":{"start":{"line":154,"column":21},"end":{"line":154,"column":74}},"60":{"start":{"line":155,"column":23},"end":{"line":157,"column":25}},"61":{"start":{"line":156,"column":42},"end":{"line":156,"column":63}},"62":{"start":{"line":159,"column":20},"end":{"line":159,"column":59}},"63":{"start":{"line":160,"column":20},"end":{"line":160,"column":64}},"64":{"start":{"line":162,"column":6},"end":{"line":171,"column":9}},"65":{"start":{"line":174,"column":29},"end":{"line":174,"column":85}},"66":{"start":{"line":175,"column":23},"end":{"line":175,"column":78}},"67":{"start":{"line":176,"column":19},"end":{"line":176,"column":102}},"68":{"start":{"line":178,"column":4},"end":{"line":187,"column":7}},"69":{"start":{"line":189,"column":4},"end":{"line":189,"column":71}},"70":{"start":{"line":190,"column":4},"end":{"line":193,"column":7}},"71":{"start":{"line":198,"column":0},"end":{"line":225,"column":2}},"72":{"start":{"line":199,"column":2},"end":{"line":224,"column":3}},"73":{"start":{"line":200,"column":17},"end":{"line":200,"column":50}},"74":{"start":{"line":201,"column":18},"end":{"line":201,"column":53}},"75":{"start":{"line":202,"column":19},"end":{"line":202,"column":74}},"76":{"start":{"line":203,"column":19},"end":{"line":203,"column":95}},"77":{"start":{"line":205,"column":19},"end":{"line":205,"column":72}},"78":{"start":{"line":206,"column":23},"end":{"line":206,"column":74}},"79":{"start":{"line":208,"column":4},"end":{"line":217,"column":7}},"80":{"start":{"line":219,"column":4},"end":{"line":219,"column":75}},"81":{"start":{"line":220,"column":4},"end":{"line":223,"column":7}},"82":{"start":{"line":228,"column":0},"end":{"line":280,"column":2}},"83":{"start":{"line":229,"column":2},"end":{"line":279,"column":3}},"84":{"start":{"line":230,"column":27},"end":{"line":230,"column":37}},"85":{"start":{"line":231,"column":42},"end":{"line":231,"column":50}},"86":{"start":{"line":233,"column":4},"end":{"line":235,"column":5}},"87":{"start":{"line":234,"column":6},"end":{"line":234,"column":77}},"88":{"start":{"line":237,"column":20},"end":{"line":237,"column":53}},"89":{"start":{"line":238,"column":4},"end":{"line":240,"column":5}},"90":{"start":{"line":239,"column":6},"end":{"line":239,"column":66}},"91":{"start":{"line":242,"column":21},"end":{"line":242,"column":71}},"92":{"start":{"line":244,"column":27},"end":{"line":244,"column":97}},"93":{"start":{"line":246,"column":21},"end":{"line":246,"column":64}},"94":{"start":{"line":247,"column":27},"end":{"line":247,"column":68}},"95":{"start":{"line":248,"column":23},"end":{"line":248,"column":63}},"96":{"start":{"line":250,"column":4},"end":{"line":250,"column":66}},"97":{"start":{"line":252,"column":4},"end":{"line":260,"column":7}},"98":{"start":{"line":262,"column":4},"end":{"line":266,"column":7}},"99":{"start":{"line":268,"column":4},"end":{"line":272,"column":7}},"100":{"start":{"line":274,"column":4},"end":{"line":274,"column":71}},"101":{"start":{"line":275,"column":4},"end":{"line":278,"column":7}},"102":{"start":{"line":283,"column":0},"end":{"line":317,"column":2}},"103":{"start":{"line":284,"column":2},"end":{"line":316,"column":3}},"104":{"start":{"line":285,"column":27},"end":{"line":285,"column":37}},"105":{"start":{"line":286,"column":20},"end":{"line":286,"column":53}},"106":{"start":{"line":288,"column":4},"end":{"line":290,"column":5}},"107":{"start":{"line":289,"column":6},"end":{"line":289,"column":66}},"108":{"start":{"line":292,"column":4},"end":{"line":296,"column":5}},"109":{"start":{"line":293,"column":6},"end":{"line":295,"column":9}},"110":{"start":{"line":298,"column":29},"end":{"line":298,"column":62}},"111":{"start":{"line":300,"column":4},"end":{"line":303,"column":7}},"112":{"start":{"line":305,"column":4},"end":{"line":309,"column":7}},"113":{"start":{"line":311,"column":4},"end":{"line":311,"column":72}},"114":{"start":{"line":312,"column":4},"end":{"line":315,"column":7}},"115":{"start":{"line":320,"column":0},"end":{"line":363,"column":2}},"116":{"start":{"line":321,"column":2},"end":{"line":362,"column":3}},"117":{"start":{"line":322,"column":27},"end":{"line":322,"column":37}},"118":{"start":{"line":323,"column":20},"end":{"line":323,"column":53}},"119":{"start":{"line":325,"column":4},"end":{"line":327,"column":5}},"120":{"start":{"line":326,"column":6},"end":{"line":326,"column":66}},"121":{"start":{"line":329,"column":4},"end":{"line":335,"column":5}},"122":{"start":{"line":330,"column":6},"end":{"line":334,"column":9}},"123":{"start":{"line":337,"column":23},"end":{"line":337,"column":54}},"124":{"start":{"line":338,"column":22},"end":{"line":338,"column":62}},"125":{"start":{"line":340,"column":4},"end":{"line":344,"column":5}},"126":{"start":{"line":341,"column":6},"end":{"line":343,"column":9}},"127":{"start":{"line":346,"column":4},"end":{"line":349,"column":7}},"128":{"start":{"line":351,"column":4},"end":{"line":355,"column":7}},"129":{"start":{"line":357,"column":4},"end":{"line":357,"column":71}},"130":{"start":{"line":358,"column":4},"end":{"line":361,"column":7}},"131":{"start":{"line":366,"column":0},"end":{"line":389,"column":2}},"132":{"start":{"line":367,"column":2},"end":{"line":388,"column":3}},"133":{"start":{"line":368,"column":27},"end":{"line":368,"column":37}},"134":{"start":{"line":369,"column":20},"end":{"line":369,"column":53}},"135":{"start":{"line":371,"column":4},"end":{"line":373,"column":5}},"136":{"start":{"line":372,"column":6},"end":{"line":372,"column":66}},"137":{"start":{"line":375,"column":22},"end":{"line":375,"column":68}},"138":{"start":{"line":377,"column":4},"end":{"line":381,"column":7}},"139":{"start":{"line":383,"column":4},"end":{"line":383,"column":73}},"140":{"start":{"line":384,"column":4},"end":{"line":387,"column":7}},"141":{"start":{"line":392,"column":0},"end":{"line":489,"column":2}},"142":{"start":{"line":393,"column":2},"end":{"line":488,"column":3}},"143":{"start":{"line":394,"column":28},"end":{"line":394,"column":38}},"144":{"start":{"line":395,"column":30},"end":{"line":395,"column":39}},"145":{"start":{"line":397,"column":21},"end":{"line":397,"column":56}},"146":{"start":{"line":398,"column":4},"end":{"line":400,"column":5}},"147":{"start":{"line":399,"column":6},"end":{"line":399,"column":67}},"148":{"start":{"line":402,"column":23},"end":{"line":402,"column":49}},"149":{"start":{"line":403,"column":20},"end":{"line":403,"column":30}},"150":{"start":{"line":404,"column":22},"end":{"line":404,"column":84}},"151":{"start":{"line":406,"column":27},"end":{"line":406,"column":75}},"152":{"start":{"line":407,"column":27},"end":{"line":410,"column":6}},"153":{"start":{"line":408,"column":24},"end":{"line":408,"column":48}},"154":{"start":{"line":409,"column":6},"end":{"line":409,"column":60}},"155":{"start":{"line":412,"column":23},"end":{"line":417,"column":6}},"156":{"start":{"line":419,"column":27},"end":{"line":419,"column":80}},"157":{"start":{"line":420,"column":31},"end":{"line":420,"column":78}},"158":{"start":{"line":422,"column":26},"end":{"line":425,"column":5}},"159":{"start":{"line":423,"column":20},"end":{"line":423,"column":59}},"160":{"start":{"line":426,"column":22},"end":{"line":429,"column":5}},"161":{"start":{"line":427,"column":20},"end":{"line":427,"column":58}},"162":{"start":{"line":430,"column":24},"end":{"line":430,"column":49}},"163":{"start":{"line":431,"column":23},"end":{"line":431,"column":45}},"164":{"start":{"line":432,"column":26},"end":{"line":435,"column":5}},"165":{"start":{"line":433,"column":20},"end":{"line":433,"column":53}},"166":{"start":{"line":436,"column":25},"end":{"line":439,"column":5}},"167":{"start":{"line":437,"column":20},"end":{"line":437,"column":62}},"168":{"start":{"line":441,"column":4},"end":{"line":481,"column":7}},"169":{"start":{"line":463,"column":50},"end":{"line":463,"column":72}},"170":{"start":{"line":464,"column":51},"end":{"line":464,"column":74}},"171":{"start":{"line":465,"column":49},"end":{"line":465,"column":70}},"172":{"start":{"line":466,"column":52},"end":{"line":466,"column":76}},"173":{"start":{"line":483,"column":4},"end":{"line":483,"column":78}},"174":{"start":{"line":484,"column":4},"end":{"line":487,"column":7}},"175":{"start":{"line":492,"column":0},"end":{"line":534,"column":2}},"176":{"start":{"line":493,"column":2},"end":{"line":533,"column":3}},"177":{"start":{"line":494,"column":28},"end":{"line":494,"column":59}},"178":{"start":{"line":495,"column":22},"end":{"line":495,"column":47}},"179":{"start":{"line":497,"column":18},"end":{"line":507,"column":5}},"180":{"start":{"line":499,"column":48},"end":{"line":499,"column":69}},"181":{"start":{"line":501,"column":37},"end":{"line":501,"column":77}},"182":{"start":{"line":504,"column":15},"end":{"line":504,"column":54}},"183":{"start":{"line":509,"column":4},"end":{"line":518,"column":7}},"184":{"start":{"line":510,"column":6},"end":{"line":515,"column":7}},"185":{"start":{"line":511,"column":8},"end":{"line":514,"column":10}},"186":{"start":{"line":516,"column":6},"end":{"line":516,"column":47}},"187":{"start":{"line":517,"column":6},"end":{"line":517,"column":88}},"188":{"start":{"line":520,"column":4},"end":{"line":524,"column":7}},"189":{"start":{"line":521,"column":6},"end":{"line":523,"column":8}},"190":{"start":{"line":526,"column":4},"end":{"line":526,"column":45}},"191":{"start":{"line":528,"column":4},"end":{"line":528,"column":77}},"192":{"start":{"line":529,"column":4},"end":{"line":532,"column":7}},"193":{"start":{"line":537,"column":0},"end":{"line":591,"column":2}},"194":{"start":{"line":538,"column":2},"end":{"line":590,"column":3}},"195":{"start":{"line":539,"column":4},"end":{"line":539,"column":43}},"196":{"start":{"line":540,"column":28},"end":{"line":540,"column":59}},"197":{"start":{"line":541,"column":22},"end":{"line":541,"column":47}},"198":{"start":{"line":542,"column":28},"end":{"line":542,"column":30}},"199":{"start":{"line":544,"column":4},"end":{"line":570,"column":5}},"200":{"start":{"line":545,"column":29},"end":{"line":545,"column":79}},"201":{"start":{"line":546,"column":23},"end":{"line":546,"column":46}},"202":{"start":{"line":548,"column":6},"end":{"line":569,"column":9}},"203":{"start":{"line":549,"column":24},"end":{"line":549,"column":46}},"204":{"start":{"line":550,"column":22},"end":{"line":550,"column":32}},"205":{"start":{"line":552,"column":8},"end":{"line":568,"column":9}},"206":{"start":{"line":553,"column":29},"end":{"line":553,"column":61}},"207":{"start":{"line":554,"column":30},"end":{"line":554,"column":76}},"208":{"start":{"line":556,"column":10},"end":{"line":567,"column":13}},"209":{"start":{"line":572,"column":4},"end":{"line":572,"column":68}},"210":{"start":{"line":572,"column":35},"end":{"line":572,"column":66}},"211":{"start":{"line":574,"column":4},"end":{"line":583,"column":7}},"212":{"start":{"line":579,"column":47},"end":{"line":579,"column":68}},"213":{"start":{"line":585,"column":4},"end":{"line":585,"column":77}},"214":{"start":{"line":586,"column":4},"end":{"line":589,"column":7}},"215":{"start":{"line":594,"column":0},"end":{"line":668,"column":2}},"216":{"start":{"line":595,"column":2},"end":{"line":667,"column":3}},"217":{"start":{"line":596,"column":30},"end":{"line":596,"column":39}},"218":{"start":{"line":598,"column":23},"end":{"line":598,"column":49}},"219":{"start":{"line":599,"column":20},"end":{"line":599,"column":30}},"220":{"start":{"line":600,"column":22},"end":{"line":600,"column":84}},"221":{"start":{"line":602,"column":28},"end":{"line":602,"column":59}},"222":{"start":{"line":603,"column":22},"end":{"line":603,"column":47}},"223":{"start":{"line":605,"column":23},"end":{"line":605,"column":24}},"224":{"start":{"line":606,"column":21},"end":{"line":606,"column":22}},"225":{"start":{"line":607,"column":30},"end":{"line":607,"column":32}},"226":{"start":{"line":609,"column":4},"end":{"line":640,"column":5}},"227":{"start":{"line":610,"column":29},"end":{"line":610,"column":79}},"228":{"start":{"line":611,"column":29},"end":{"line":614,"column":8}},"229":{"start":{"line":612,"column":26},"end":{"line":612,"column":50}},"230":{"start":{"line":613,"column":8},"end":{"line":613,"column":62}},"231":{"start":{"line":616,"column":30},"end":{"line":619,"column":7}},"232":{"start":{"line":617,"column":22},"end":{"line":617,"column":61}},"233":{"start":{"line":620,"column":6},"end":{"line":620,"column":38}},"234":{"start":{"line":622,"column":25},"end":{"line":627,"column":8}},"235":{"start":{"line":629,"column":6},"end":{"line":629,"column":43}},"236":{"start":{"line":631,"column":6},"end":{"line":639,"column":7}},"237":{"start":{"line":632,"column":8},"end":{"line":638,"column":11}},"238":{"start":{"line":642,"column":4},"end":{"line":642,"column":60}},"239":{"start":{"line":642,"column":37},"end":{"line":642,"column":58}},"240":{"start":{"line":643,"column":25},"end":{"line":643,"column":55}},"241":{"start":{"line":645,"column":4},"end":{"line":660,"column":7}},"242":{"start":{"line":662,"column":4},"end":{"line":662,"column":78}},"243":{"start":{"line":663,"column":4},"end":{"line":666,"column":7}}},"fnMap":{"0":{"name":"(anonymous_0)","decl":{"start":{"line":9,"column":30},"end":{"line":9,"column":31}},"loc":{"start":{"line":9,"column":40},"end":{"line":13,"column":1}},"line":9},"1":{"name":"(anonymous_1)","decl":{"start":{"line":16,"column":26},"end":{"line":16,"column":27}},"loc":{"start":{"line":16,"column":46},"end":{"line":93,"column":1}},"line":16},"2":{"name":"(anonymous_2)","decl":{"start":{"line":96,"column":21},"end":{"line":96,"column":22}},"loc":{"start":{"line":96,"column":41},"end":{"line":137,"column":1}},"line":96},"3":{"name":"(anonymous_3)","decl":{"start":{"line":140,"column":30},"end":{"line":140,"column":31}},"loc":{"start":{"line":140,"column":50},"end":{"line":195,"column":1}},"line":140},"4":{"name":"(anonymous_4)","decl":{"start":{"line":156,"column":33},"end":{"line":156,"column":34}},"loc":{"start":{"line":156,"column":42},"end":{"line":156,"column":63}},"line":156},"5":{"name":"(anonymous_5)","decl":{"start":{"line":198,"column":25},"end":{"line":198,"column":26}},"loc":{"start":{"line":198,"column":45},"end":{"line":225,"column":1}},"line":198},"6":{"name":"(anonymous_6)","decl":{"start":{"line":228,"column":24},"end":{"line":228,"column":25}},"loc":{"start":{"line":228,"column":44},"end":{"line":280,"column":1}},"line":228},"7":{"name":"(anonymous_7)","decl":{"start":{"line":283,"column":25},"end":{"line":283,"column":26}},"loc":{"start":{"line":283,"column":45},"end":{"line":317,"column":1}},"line":283},"8":{"name":"(anonymous_8)","decl":{"start":{"line":320,"column":24},"end":{"line":320,"column":25}},"loc":{"start":{"line":320,"column":44},"end":{"line":363,"column":1}},"line":320},"9":{"name":"(anonymous_9)","decl":{"start":{"line":366,"column":30},"end":{"line":366,"column":31}},"loc":{"start":{"line":366,"column":50},"end":{"line":389,"column":1}},"line":366},"10":{"name":"(anonymous_10)","decl":{"start":{"line":392,"column":30},"end":{"line":392,"column":31}},"loc":{"start":{"line":392,"column":50},"end":{"line":489,"column":1}},"line":392},"11":{"name":"(anonymous_11)","decl":{"start":{"line":407,"column":58},"end":{"line":407,"column":59}},"loc":{"start":{"line":407,"column":67},"end":{"line":410,"column":5}},"line":407},"12":{"name":"(anonymous_12)","decl":{"start":{"line":423,"column":6},"end":{"line":423,"column":7}},"loc":{"start":{"line":423,"column":20},"end":{"line":423,"column":59}},"line":423},"13":{"name":"(anonymous_13)","decl":{"start":{"line":427,"column":6},"end":{"line":427,"column":7}},"loc":{"start":{"line":427,"column":20},"end":{"line":427,"column":58}},"line":427},"14":{"name":"(anonymous_14)","decl":{"start":{"line":433,"column":6},"end":{"line":433,"column":7}},"loc":{"start":{"line":433,"column":20},"end":{"line":433,"column":53}},"line":433},"15":{"name":"(anonymous_15)","decl":{"start":{"line":437,"column":6},"end":{"line":437,"column":7}},"loc":{"start":{"line":437,"column":20},"end":{"line":437,"column":62}},"line":437},"16":{"name":"(anonymous_16)","decl":{"start":{"line":463,"column":41},"end":{"line":463,"column":42}},"loc":{"start":{"line":463,"column":50},"end":{"line":463,"column":72}},"line":463},"17":{"name":"(anonymous_17)","decl":{"start":{"line":464,"column":42},"end":{"line":464,"column":43}},"loc":{"start":{"line":464,"column":51},"end":{"line":464,"column":74}},"line":464},"18":{"name":"(anonymous_18)","decl":{"start":{"line":465,"column":40},"end":{"line":465,"column":41}},"loc":{"start":{"line":465,"column":49},"end":{"line":465,"column":70}},"line":465},"19":{"name":"(anonymous_19)","decl":{"start":{"line":466,"column":43},"end":{"line":466,"column":44}},"loc":{"start":{"line":466,"column":52},"end":{"line":466,"column":76}},"line":466},"20":{"name":"(anonymous_20)","decl":{"start":{"line":492,"column":29},"end":{"line":492,"column":30}},"loc":{"start":{"line":492,"column":49},"end":{"line":534,"column":1}},"line":492},"21":{"name":"(anonymous_21)","decl":{"start":{"line":499,"column":41},"end":{"line":499,"column":42}},"loc":{"start":{"line":499,"column":48},"end":{"line":499,"column":69}},"line":499},"22":{"name":"(anonymous_22)","decl":{"start":{"line":501,"column":25},"end":{"line":501,"column":26}},"loc":{"start":{"line":501,"column":37},"end":{"line":501,"column":77}},"line":501},"23":{"name":"(anonymous_23)","decl":{"start":{"line":504,"column":8},"end":{"line":504,"column":9}},"loc":{"start":{"line":504,"column":15},"end":{"line":504,"column":54}},"line":504},"24":{"name":"(anonymous_24)","decl":{"start":{"line":509,"column":22},"end":{"line":509,"column":23}},"loc":{"start":{"line":509,"column":29},"end":{"line":518,"column":5}},"line":509},"25":{"name":"(anonymous_25)","decl":{"start":{"line":520,"column":43},"end":{"line":520,"column":44}},"loc":{"start":{"line":520,"column":57},"end":{"line":524,"column":5}},"line":520},"26":{"name":"(anonymous_26)","decl":{"start":{"line":537,"column":29},"end":{"line":537,"column":30}},"loc":{"start":{"line":537,"column":49},"end":{"line":591,"column":1}},"line":537},"27":{"name":"(anonymous_27)","decl":{"start":{"line":548,"column":23},"end":{"line":548,"column":24}},"loc":{"start":{"line":548,"column":32},"end":{"line":569,"column":7}},"line":548},"28":{"name":"(anonymous_28)","decl":{"start":{"line":572,"column":25},"end":{"line":572,"column":26}},"loc":{"start":{"line":572,"column":35},"end":{"line":572,"column":66}},"line":572},"29":{"name":"(anonymous_29)","decl":{"start":{"line":579,"column":33},"end":{"line":579,"column":34}},"loc":{"start":{"line":579,"column":47},"end":{"line":579,"column":68}},"line":579},"30":{"name":"(anonymous_30)","decl":{"start":{"line":594,"column":30},"end":{"line":594,"column":31}},"loc":{"start":{"line":594,"column":50},"end":{"line":668,"column":1}},"line":594},"31":{"name":"(anonymous_31)","decl":{"start":{"line":611,"column":60},"end":{"line":611,"column":61}},"loc":{"start":{"line":611,"column":69},"end":{"line":614,"column":7}},"line":611},"32":{"name":"(anonymous_32)","decl":{"start":{"line":617,"column":8},"end":{"line":617,"column":9}},"loc":{"start":{"line":617,"column":22},"end":{"line":617,"column":61}},"line":617},"33":{"name":"(anonymous_33)","decl":{"start":{"line":642,"column":27},"end":{"line":642,"column":28}},"loc":{"start":{"line":642,"column":37},"end":{"line":642,"column":58}},"line":642}},"branchMap":{"0":{"loc":{"start":{"line":10,"column":2},"end":{"line":10,"column":51}},"type":"if","locations":[{"start":{"line":10,"column":2},"end":{"line":10,"column":51}},{"start":{},"end":{}}],"line":10},"1":{"loc":{"start":{"line":10,"column":6},"end":{"line":10,"column":39}},"type":"binary-expr","locations":[{"start":{"line":10,"column":6},"end":{"line":10,"column":11}},{"start":{"line":10,"column":15},"end":{"line":10,"column":39}}],"line":10},"2":{"loc":{"start":{"line":11,"column":17},"end":{"line":11,"column":76}},"type":"cond-expr","locations":[{"start":{"line":11,"column":51},"end":{"line":11,"column":69}},{"start":{"line":11,"column":72},"end":{"line":11,"column":76}}],"line":11},"3":{"loc":{"start":{"line":12,"column":19},"end":{"line":12,"column":33}},"type":"binary-expr","locations":[{"start":{"line":12,"column":19},"end":{"line":12,"column":25}},{"start":{"line":12,"column":29},"end":{"line":12,"column":33}}],"line":12},"4":{"loc":{"start":{"line":19,"column":27},"end":{"line":19,"column":41}},"type":"binary-expr","locations":[{"start":{"line":19,"column":27},"end":{"line":19,"column":35}},{"start":{"line":19,"column":39},"end":{"line":19,"column":41}}],"line":19},"5":{"loc":{"start":{"line":22,"column":4},"end":{"line":24,"column":5}},"type":"if","locations":[{"start":{"line":22,"column":4},"end":{"line":24,"column":5}},{"start":{},"end":{}}],"line":22},"6":{"loc":{"start":{"line":26,"column":4},"end":{"line":30,"column":5}},"type":"if","locations":[{"start":{"line":26,"column":4},"end":{"line":30,"column":5}},{"start":{},"end":{}}],"line":26},"7":{"loc":{"start":{"line":26,"column":8},"end":{"line":26,"column":82}},"type":"binary-expr","locations":[{"start":{"line":26,"column":8},"end":{"line":26,"column":44}},{"start":{"line":26,"column":48},"end":{"line":26,"column":82}}],"line":26},"8":{"loc":{"start":{"line":34,"column":25},"end":{"line":36,"column":61}},"type":"cond-expr","locations":[{"start":{"line":35,"column":8},"end":{"line":35,"column":41}},{"start":{"line":36,"column":8},"end":{"line":36,"column":61}}],"line":34},"9":{"loc":{"start":{"line":38,"column":4},"end":{"line":40,"column":5}},"type":"if","locations":[{"start":{"line":38,"column":4},"end":{"line":40,"column":5}},{"start":{},"end":{}}],"line":38},"10":{"loc":{"start":{"line":38,"column":8},"end":{"line":38,"column":76}},"type":"binary-expr","locations":[{"start":{"line":38,"column":8},"end":{"line":38,"column":41}},{"start":{"line":38,"column":45},"end":{"line":38,"column":76}}],"line":38},"11":{"loc":{"start":{"line":42,"column":4},"end":{"line":46,"column":5}},"type":"if","locations":[{"start":{"line":42,"column":4},"end":{"line":46,"column":5}},{"start":{},"end":{}}],"line":42},"12":{"loc":{"start":{"line":61,"column":4},"end":{"line":63,"column":5}},"type":"if","locations":[{"start":{"line":61,"column":4},"end":{"line":63,"column":5}},{"start":{},"end":{}}],"line":61},"13":{"loc":{"start":{"line":101,"column":4},"end":{"line":103,"column":5}},"type":"if","locations":[{"start":{"line":101,"column":4},"end":{"line":103,"column":5}},{"start":{},"end":{}}],"line":101},"14":{"loc":{"start":{"line":112,"column":21},"end":{"line":112,"column":48}},"type":"binary-expr","locations":[{"start":{"line":112,"column":21},"end":{"line":112,"column":35}},{"start":{"line":112,"column":39},"end":{"line":112,"column":48}}],"line":112},"15":{"loc":{"start":{"line":114,"column":16},"end":{"line":114,"column":43}},"type":"binary-expr","locations":[{"start":{"line":114,"column":16},"end":{"line":114,"column":34}},{"start":{"line":114,"column":38},"end":{"line":114,"column":43}}],"line":114},"16":{"loc":{"start":{"line":117,"column":23},"end":{"line":117,"column":51}},"type":"binary-expr","locations":[{"start":{"line":117,"column":23},"end":{"line":117,"column":46}},{"start":{"line":117,"column":50},"end":{"line":117,"column":51}}],"line":117},"17":{"loc":{"start":{"line":119,"column":26},"end":{"line":119,"column":51}},"type":"binary-expr","locations":[{"start":{"line":119,"column":26},"end":{"line":119,"column":46}},{"start":{"line":119,"column":50},"end":{"line":119,"column":51}}],"line":119},"18":{"loc":{"start":{"line":119,"column":62},"end":{"line":119,"column":86}},"type":"binary-expr","locations":[{"start":{"line":119,"column":62},"end":{"line":119,"column":81}},{"start":{"line":119,"column":85},"end":{"line":119,"column":86}}],"line":119},"19":{"loc":{"start":{"line":143,"column":17},"end":{"line":143,"column":50}},"type":"binary-expr","locations":[{"start":{"line":143,"column":17},"end":{"line":143,"column":45}},{"start":{"line":143,"column":49},"end":{"line":143,"column":50}}],"line":143},"20":{"loc":{"start":{"line":144,"column":18},"end":{"line":144,"column":53}},"type":"binary-expr","locations":[{"start":{"line":144,"column":18},"end":{"line":144,"column":47}},{"start":{"line":144,"column":51},"end":{"line":144,"column":53}}],"line":144},"21":{"loc":{"start":{"line":148,"column":4},"end":{"line":172,"column":5}},"type":"if","locations":[{"start":{"line":148,"column":4},"end":{"line":172,"column":5}},{"start":{},"end":{}}],"line":148},"22":{"loc":{"start":{"line":150,"column":6},"end":{"line":152,"column":7}},"type":"if","locations":[{"start":{"line":150,"column":6},"end":{"line":152,"column":7}},{"start":{},"end":{}}],"line":150},"23":{"loc":{"start":{"line":155,"column":23},"end":{"line":157,"column":25}},"type":"cond-expr","locations":[{"start":{"line":156,"column":10},"end":{"line":156,"column":64}},{"start":{"line":157,"column":10},"end":{"line":157,"column":25}}],"line":155},"24":{"loc":{"start":{"line":159,"column":20},"end":{"line":159,"column":59}},"type":"cond-expr","locations":[{"start":{"line":159,"column":29},"end":{"line":159,"column":44}},{"start":{"line":159,"column":47},"end":{"line":159,"column":59}}],"line":159},"25":{"loc":{"start":{"line":174,"column":29},"end":{"line":174,"column":85}},"type":"cond-expr","locations":[{"start":{"line":174,"column":38},"end":{"line":174,"column":73}},{"start":{"line":174,"column":76},"end":{"line":174,"column":85}}],"line":174},"26":{"loc":{"start":{"line":17
[...]
,"/workspace/bal-bill/backend/utils/ratingEngine.js": {"path":"/workspace/bal-bill/backend/utils/ratingEngine.js","statementMap":{"0":{"start":{"line":1,"column":15},"end":{"line":1,"column":46}},"1":{"start":{"line":2,"column":17},"end":{"line":2,"column":46}},"2":{"start":{"line":3,"column":17},"end":{"line":3,"column":46}},"3":{"start":{"line":4,"column":24},"end":{"line":4,"column":60}},"4":{"start":{"line":5,"column":12},"end":{"line":5,"column":36}},"5":{"start":{"line":9,"column":4},"end":{"line":9,"column":39}},"6":{"start":{"line":13,"column":58},"end":{"line":13,"column":66}},"7":{"start":{"line":15,"column":4},"end":{"line":17,"column":5}},"8":{"start":{"line":16,"column":6},"end":{"line":16,"column":35}},"9":{"start":{"line":19,"column":22},"end":{"line":19,"column":61}},"10":{"start":{"line":20,"column":24},"end":{"line":20,"column":67}},"11":{"start":{"line":21,"column":4},"end":{"line":21,"column":68}},"12":{"start":{"line":25,"column":4},"end":{"line":42,"column":5}},"13":{"start":{"line":26,"column":30},"end":{"line":26,"column":86}},"14":{"start":{"line":27,"column":30},"end":{"line":27,"column":52}},"15":{"start":{"line":28,"column":26},"end":{"line":28,"column":81}},"16":{"start":{"line":29,"column":28},"end":{"line":29,"column":73}},"17":{"start":{"line":30,"column":26},"end":{"line":30,"column":53}},"18":{"start":{"line":32,"column":6},"end":{"line":38,"column":8}},"19":{"start":{"line":40,"column":6},"end":{"line":40,"column":75}},"20":{"start":{"line":41,"column":6},"end":{"line":41,"column":69}},"21":{"start":{"line":46,"column":16},"end":{"line":46,"column":40}},"22":{"start":{"line":48,"column":4},"end":{"line":52,"column":5}},"23":{"start":{"line":49,"column":20},"end":{"line":49,"column":45}},"24":{"start":{"line":50,"column":6},"end":{"line":50,"column":69}},"25":{"start":{"line":51,"column":6},"end":{"line":51,"column":39}},"26":{"start":{"line":54,"column":4},"end":{"line":58,"column":5}},"27":{"start":{"line":55,"column":20},"end":{"line":55,"column":60}},"28":{"start":{"line":56,"column":6},"end":{"line":56,"column":66}},"29":{"start":{"line":57,"column":6},"end":{"line":57,"column":39}},"30":{"start":{"line":60,"column":4},"end":{"line":156,"column":5}},"31":{"start":{"line":61,"column":23},"end":{"line":61,"column":62}},"32":{"start":{"line":62,"column":6},"end":{"line":64,"column":7}},"33":{"start":{"line":63,"column":8},"end":{"line":63,"column":66}},"34":{"start":{"line":66,"column":23},"end":{"line":66,"column":75}},"35":{"start":{"line":67,"column":23},"end":{"line":71,"column":7}},"36":{"start":{"line":73,"column":6},"end":{"line":75,"column":7}},"37":{"start":{"line":74,"column":8},"end":{"line":74,"column":100}},"38":{"start":{"line":77,"column":6},"end":{"line":83,"column":7}},"39":{"start":{"line":78,"column":8},"end":{"line":81,"column":11}},"40":{"start":{"line":82,"column":8},"end":{"line":82,"column":46}},"41":{"start":{"line":85,"column":6},"end":{"line":92,"column":7}},"42":{"start":{"line":86,"column":8},"end":{"line":91,"column":11}},"43":{"start":{"line":94,"column":28},"end":{"line":94,"column":80}},"44":{"start":{"line":95,"column":26},"end":{"line":95,"column":51}},"45":{"start":{"line":97,"column":29},"end":{"line":97,"column":61}},"46":{"start":{"line":98,"column":6},"end":{"line":110,"column":7}},"47":{"start":{"line":99,"column":8},"end":{"line":103,"column":11}},"48":{"start":{"line":104,"column":8},"end":{"line":109,"column":10}},"49":{"start":{"line":112,"column":25},"end":{"line":112,"column":53}},"50":{"start":{"line":113,"column":6},"end":{"line":113,"column":64}},"51":{"start":{"line":115,"column":6},"end":{"line":115,"column":95}},"52":{"start":{"line":117,"column":6},"end":{"line":125,"column":9}},"53":{"start":{"line":127,"column":6},"end":{"line":132,"column":9}},"54":{"start":{"line":134,"column":6},"end":{"line":139,"column":8}},"55":{"start":{"line":141,"column":6},"end":{"line":144,"column":9}},"56":{"start":{"line":146,"column":6},"end":{"line":150,"column":7}},"57":{"start":{"line":147,"column":8},"end":{"line":147,"column":51}},"58":{"start":{"line":149,"column":8},"end":{"line":149,"column":85}},"59":{"start":{"line":152,"column":6},"end":{"line":155,"column":8}},"60":{"start":{"line":160,"column":4},"end":{"line":197,"column":5}},"61":{"start":{"line":161,"column":27},"end":{"line":161,"column":60}},"62":{"start":{"line":163,"column":22},"end":{"line":169,"column":7}},"63":{"start":{"line":171,"column":6},"end":{"line":183,"column":7}},"64":{"start":{"line":172,"column":23},"end":{"line":172,"column":52}},"65":{"start":{"line":174,"column":8},"end":{"line":182,"column":9}},"66":{"start":{"line":175,"column":10},"end":{"line":175,"column":33}},"67":{"start":{"line":176,"column":10},"end":{"line":176,"column":59}},"68":{"start":{"line":177,"column":15},"end":{"line":182,"column":9}},"69":{"start":{"line":178,"column":10},"end":{"line":178,"column":31}},"70":{"start":{"line":180,"column":10},"end":{"line":180,"column":30}},"71":{"start":{"line":181,"column":10},"end":{"line":181,"column":75}},"72":{"start":{"line":185,"column":6},"end":{"line":188,"column":9}},"73":{"start":{"line":190,"column":6},"end":{"line":190,"column":21}},"74":{"start":{"line":192,"column":6},"end":{"line":195,"column":9}},"75":{"start":{"line":196,"column":6},"end":{"line":196,"column":18}},"76":{"start":{"line":201,"column":19},"end":{"line":201,"column":21}},"77":{"start":{"line":203,"column":4},"end":{"line":205,"column":5}},"78":{"start":{"line":204,"column":6},"end":{"line":204,"column":60}},"79":{"start":{"line":207,"column":4},"end":{"line":209,"column":5}},"80":{"start":{"line":208,"column":6},"end":{"line":208,"column":57}},"81":{"start":{"line":211,"column":4},"end":{"line":213,"column":5}},"82":{"start":{"line":212,"column":6},"end":{"line":212,"column":59}},"83":{"start":{"line":215,"column":4},"end":{"line":217,"column":5}},"84":{"start":{"line":216,"column":6},"end":{"line":216,"column":60}},"85":{"start":{"line":219,"column":4},"end":{"line":223,"column":5}},"86":{"start":{"line":220,"column":23},"end":{"line":220,"column":74}},"87":{"start":{"line":221,"column":6},"end":{"line":221,"column":54}},"88":{"start":{"line":222,"column":6},"end":{"line":222,"column":32}},"89":{"start":{"line":225,"column":4},"end":{"line":225,"column":16}},"90":{"start":{"line":229,"column":4},"end":{"line":250,"column":5}},"91":{"start":{"line":230,"column":23},"end":{"line":230,"column":93}},"92":{"start":{"line":232,"column":6},"end":{"line":234,"column":7}},"93":{"start":{"line":233,"column":8},"end":{"line":233,"column":75}},"94":{"start":{"line":236,"column":28},"end":{"line":236,"column":75}},"95":{"start":{"line":237,"column":23},"end":{"line":237,"column":57}},"96":{"start":{"line":238,"column":27},"end":{"line":238,"column":87}},"97":{"start":{"line":240,"column":6},"end":{"line":246,"column":8}},"98":{"start":{"line":248,"column":6},"end":{"line":248,"column":74}},"99":{"start":{"line":249,"column":6},"end":{"line":249,"column":18}},"100":{"start":{"line":254,"column":0},"end":{"line":254,"column":30}}},"fnMap":{"0":{"name":"(anonymous_0)","decl":{"start":{"line":8,"column":2},"end":{"line":8,"column":3}},"loc":{"start":{"line":8,"column":23},"end":{"line":10,"column":3}},"line":8},"1":{"name":"(anonymous_1)","decl":{"start":{"line":12,"column":2},"end":{"line":12,"column":3}},"loc":{"start":{"line":12,"column":61},"end":{"line":22,"column":3}},"line":12},"2":{"name":"(anonymous_2)","decl":{"start":{"line":24,"column":2},"end":{"line":24,"column":3}},"loc":{"start":{"line":24,"column":52},"end":{"line":43,"column":3}},"line":24},"3":{"name":"(anonymous_3)","decl":{"start":{"line":45,"column":2},"end":{"line":45,"column":3}},"loc":{"start":{"line":45,"column":33},"end":{"line":157,"column":3}},"line":45},"4":{"name":"(anonymous_4)","decl":{"start":{"line":159,"column":2},"end":{"line":159,"column":3}},"loc":{"start":{"line":159,"column":47},"end":{"line":198,"column":3}},"line":159},"5":{"name":"(anonymous_5)","decl":{"start":{"line":200,"column":2},"end":{"line":200,"column":3}},"loc":{"start":{"line":200,"column":36},"end":{"line":226,"column":3}},"line":200},"6":{"name":"(anonymous_6)","decl":{"start":{"line":228,"column":2},"end":{"line":228,"column":3}},"loc":{"start":{"line":228,"column":83},"end":{"line":251,"column":3}},"line":228}},"branchMap":{"0":{"loc":{"start":{"line":15,"column":4},"end":{"line":17,"column":5}},"type":"if","locations":[{"start":{"line":15,"column":4},"end":{"line":17,"column":5}},{"start":{},"end":{}}],"line":15},"1":{"loc":{"start":{"line":29,"column":39},"end":{"line":29,"column":72}},"type":"binary-expr","locations":[{"start":{"line":29,"column":39},"end":{"line":29,"column":67}},{"start":{"line":29,"column":71},"end":{"line":29,"column":72}}],"line":29},"2":{"loc":{"start":{"line":48,"column":4},"end":{"line":52,"column":5}},"type":"if","locations":[{"start":{"line":48,"column":4},"end":{"line":52,"column":5}},{"start":{},"end":{}}],"line":48},"3":{"loc":{"start":{"line":54,"column":4},"end":{"line":58,"column":5}},"type":"if","locations":[{"start":{"line":54,"column":4},"end":{"line":58,"column":5}},{"start":{},"end":{}}],"line":54},"4":{"loc":{"start":{"line":62,"column":6},"end":{"line":64,"column":7}},"type":"if","locations":[{"start":{"line":62,"column":6},"end":{"line":64,"column":7}},{"start":{},"end":{}}],"line":62},"5":{"loc":{"start":{"line":73,"column":6},"end":{"line":75,"column":7}},"type":"if","locations":[{"start":{"line":73,"column":6},"end":{"line":75,"column":7}},{"start":{},"end":{}}],"line":73},"6":{"loc":{"start":{"line":77,"column":6},"end":{"line":83,"column":7}},"type":"if","locations":[{"start":{"line":77,"column":6},"end":{"line":83,"column":7}},{"start":{},"end":{}}],"line":77},"7":{"loc":{"start":{"line":85,"column":6},"end":{"line":92,"column":7}},"type":"if","locations":[{"start":{"line":85,"column":6},"end":{"line":92,"column":7}},{"start":{},"end":{}}],"line":85},"8":{"loc":{"start":{"line":85,"column":10},"end":{"line":85,"column":91}},"type":"binary-expr","locations":[{"start":{"line":85,"column":10},"end":{"line":85,"column":27}},{"start":{"line":85,"column":31},"end":{"line":85,"column":48}},{"start":{"line":85,"column":52},"end":{"line":85,"column":91}}],"line":85},"9":{"loc":{"start":{"line":98,"column":6},"end":{"line":110,"column":7}},"type":"if","locations":[{"start":{"line":98,"column":6},"end":{"line":110,"column":7}},{"start":{},"end":{}}],"line":98},"10":{"loc":{"start":{"line":174,"column":8},"end":{"line":182,"column":9}},"type":"if","locations":[{"start":{"line":174,"column":8},"end":{"line":182,"column":9}},{"start":{"line":177,"column":15},"end":{"line":182,"column":9}}],"line":174},"11":{"loc":{"start":{"line":177,"column":15},"end":{"line":182,"column":9}},"type":"if","locations":[{"start":{"line":177,"column":15},"end":{"line":182,"column":9}},{"start":{"line":179,"column":15},"end":{"line":182,"column":9}}],"line":177},"12":{"loc":{"start":{"line":203,"column":4},"end":{"line":205,"column":5}},"type":"if","locations":[{"start":{"line":203,"column":4},"end":{"line":205,"column":5}},{"start":{},"end":{}}],"line":203},"13":{"loc":{"start":{"line":203,"column":8},"end":{"line":203,"column":78}},"type":"binary-expr","locations":[{"start":{"line":203,"column":8},"end":{"line":203,"column":39}},{"start":{"line":203,"column":43},"end":{"line":203,"column":78}}],"line":203},"14":{"loc":{"start":{"line":207,"column":4},"end":{"line":209,"column":5}},"type":"if","locations":[{"start":{"line":207,"column":4},"end":{"line":209,"column":5}},{"start":{},"end":{}}],"line":207},"15":{"loc":{"start":{"line":207,"column":8},"end":{"line":207,"column":72}},"type":"binary-expr","locations":[{"start":{"line":207,"column":8},"end":{"line":207,"column":36}},{"start":{"line":207,"column":40},"end":{"line":207,"column":72}}],"line":207},"16":{"loc":{"start":{"line":211,"column":4},"end":{"line":213,"column":5}},"type":"if","locations":[{"start":{"line":211,"column":4},"end":{"line":213,"column":5}},{"start":{},"end":{}}],"line":211},"17":{"loc":{"start":{"line":211,"column":8},"end":{"line":211,"column":67}},"type":"binary-expr","locations":[{"start":{"line":211,"column":8},"end":{"line":211,"column":34}},{"start":{"line":211,"column":38},"end":{"line":211,"column":67}}],"line":211},"18":{"loc":{"start":{"line":215,"column":4},"end":{"line":217,"column":5}},"type":"if","locations":[{"start":{"line":215,"column":4},"end":{"line":217,"column":5}},{"start":{},"end":{}}],"line":215},"19":{"loc":{"start":{"line":219,"column":4},"end":{"line":223,"column":5}},"type":"if","locations":[{"start":{"line":219,"column":4},"end":{"line":223,"column":5}},{"start":{},"end":{}}],"line":219},"20":{"loc":{"start":{"line":232,"column":6},"end":{"line":234,"column":7}},"type":"if","locations":[{"start":{"line":232,"column":6},"end":{"line":234,"column":7}},{"start":{},"end":{}}],"line":232}},"s":{"0":4,"1":4,"2":4,"3":4,"4":4,"5":9,"6":8,"7":8,"8":3,"9":5,"10":5,"11":5,"12":2,"13":2,"14":2,"15":2,"16":2,"17":2,"18":2,"19":0,"20":0,"21":0,"22":0,"23":0,"24":0,"25":0,"26":0,"27":0,"28":0,"29":0,"30":0,"31":0,"32":0,"33":0,"34":0,"35":0,"36":0,"37":0,"38":0,"39":0,"40":0,"41":0,"42":0,"43":0,"44":0,"45":0,"46":0,"47":0,"48":0,"49":0,"50":0,"51":0,"52":0,"53":0,"54":0,"55":0,"56":0,"57":0,"58":0,"59":0,"60":0,"61":0,"62":0,"63":0,"64":0,"65":0,"66":0,"67":0,"68":0,"69":0,"70":0,"71":0,"72":0,"73":0,"74":0,"75":0,"76":2,"77":2,"78":1,"79":2,"80":0,"81":2,"82":0,"83":2,"84":0,"85":2,"86":1,"87":1,"88":1,"89":1,"90":0,"91":0,"92":0,"93":0,"94":0,"95":0,"96":0,"97":0,"98":0,"99":0,"100":4},"f":{"0":9,"1":8,"2":2,"3":0,"4":0,"5":2,"6":0},"b":{"0":[3,5],"1":[2,1],"2":[0,0],"3":[0,0],"4":[0,0],"5":[0,0],"6":[0,0],"7":[0,0],"8":[0,0,0],"9":[0,0],"10":[0,0],"11":[0,0],"12":[1,1],"13":[2,2],"14":[0,2],"15":[2,2],"16":[0,2],"17":[2,2],"18":[0,2],"19":[1,1],"20":[0,0]},"_coverageSchema":"1a1c01bbd47fc00a2c39e90264f33305004495a9","hash":"e88f5ac05e470a345819756e00d6f06cc95e3751"}
,"/workspace/bal-bill/backend/utils/validators.js": {"path":"/workspace/bal-bill/backend/utils/validators.js","statementMap":{"0":{"start":{"line":1,"column":12},"end":{"line":1,"column":26}},"1":{"start":{"line":2,"column":15},"end":{"line":2,"column":46}},"2":{"start":{"line":5,"column":23},"end":{"line":12,"column":1}},"3":{"start":{"line":15,"column":23},"end":{"line":24,"column":27}},"4":{"start":{"line":27,"column":18},"end":{"line":36,"column":27}},"5":{"start":{"line":39,"column":23},"end":{"line":46,"column":27}},"6":{"start":{"line":49,"column":22},"end":{"line":53,"column":27}},"7":{"start":{"line":56,"column":22},"end":{"line":59,"column":27}},"8":{"start":{"line":62,"column":28},"end":{"line":64,"column":27}},"9":{"start":{"line":67,"column":32},"end":{"line":70,"column":27}},"10":{"start":{"line":73,"column":21},"end":{"line":76,"column":27}},"11":{"start":{"line":78,"column":27},"end":{"line":89,"column":1}},"12":{"start":{"line":79,"column":17},"end":{"line":79,"column":61}},"13":{"start":{"line":81,"column":2},"end":{"line":86,"column":3}},"14":{"start":{"line":82,"column":4},"end":{"line":85,"column":7}},"15":{"start":{"line":84,"column":51},"end":{"line":84,"column":65}},"16":{"start":{"line":88,"column":2},"end":{"line":88,"column":16}},"17":{"start":{"line":92,"column":25},"end":{"line":92,"column":87}},"18":{"start":{"line":92,"column":35},"end":{"line":92,"column":87}},"19":{"start":{"line":94,"column":20},"end":{"line":94,"column":72}},"20":{"start":{"line":94,"column":30},"end":{"line":94,"column":72}},"21":{"start":{"line":96,"column":25},"end":{"line":96,"column":87}},"22":{"start":{"line":96,"column":35},"end":{"line":96,"column":87}},"23":{"start":{"line":98,"column":24},"end":{"line":98,"column":84}},"24":{"start":{"line":98,"column":34},"end":{"line":98,"column":84}},"25":{"start":{"line":100,"column":24},"end":{"line":100,"column":84}},"26":{"start":{"line":100,"column":34},"end":{"line":100,"column":84}},"27":{"start":{"line":102,"column":30},"end":{"line":103,"column":64}},"28":{"start":{"line":103,"column":2},"end":{"line":103,"column":64}},"29":{"start":{"line":105,"column":34},"end":{"line":106,"column":72}},"30":{"start":{"line":106,"column":2},"end":{"line":106,"column":72}},"31":{"start":{"line":108,"column":23},"end":{"line":108,"column":81}},"32":{"start":{"line":108,"column":33},"end":{"line":108,"column":81}},"33":{"start":{"line":111,"column":31},"end":{"line":116,"column":1}},"34":{"start":{"line":112,"column":2},"end":{"line":115,"column":6}},"35":{"start":{"line":112,"column":38},"end":{"line":115,"column":3}},"36":{"start":{"line":118,"column":0},"end":{"line":128,"column":2}}},"fnMap":{"0":{"name":"(anonymous_0)","decl":{"start":{"line":78,"column":27},"end":{"line":78,"column":28}},"loc":{"start":{"line":78,"column":52},"end":{"line":89,"column":1}},"line":78},"1":{"name":"(anonymous_1)","decl":{"start":{"line":84,"column":39},"end":{"line":84,"column":40}},"loc":{"start":{"line":84,"column":51},"end":{"line":84,"column":65}},"line":84},"2":{"name":"(anonymous_2)","decl":{"start":{"line":92,"column":25},"end":{"line":92,"column":26}},"loc":{"start":{"line":92,"column":35},"end":{"line":92,"column":87}},"line":92},"3":{"name":"(anonymous_3)","decl":{"start":{"line":94,"column":20},"end":{"line":94,"column":21}},"loc":{"start":{"line":94,"column":30},"end":{"line":94,"column":72}},"line":94},"4":{"name":"(anonymous_4)","decl":{"start":{"line":96,"column":25},"end":{"line":96,"column":26}},"loc":{"start":{"line":96,"column":35},"end":{"line":96,"column":87}},"line":96},"5":{"name":"(anonymous_5)","decl":{"start":{"line":98,"column":24},"end":{"line":98,"column":25}},"loc":{"start":{"line":98,"column":34},"end":{"line":98,"column":84}},"line":98},"6":{"name":"(anonymous_6)","decl":{"start":{"line":100,"column":24},"end":{"line":100,"column":25}},"loc":{"start":{"line":100,"column":34},"end":{"line":100,"column":84}},"line":100},"7":{"name":"(anonymous_7)","decl":{"start":{"line":102,"column":30},"end":{"line":102,"column":31}},"loc":{"start":{"line":103,"column":2},"end":{"line":103,"column":64}},"line":103},"8":{"name":"(anonymous_8)","decl":{"start":{"line":105,"column":34},"end":{"line":105,"column":35}},"loc":{"start":{"line":106,"column":2},"end":{"line":106,"column":72}},"line":106},"9":{"name":"(anonymous_9)","decl":{"start":{"line":108,"column":23},"end":{"line":108,"column":24}},"loc":{"start":{"line":108,"column":33},"end":{"line":108,"column":81}},"line":108},"10":{"name":"(anonymous_10)","decl":{"start":{"line":111,"column":31},"end":{"line":111,"column":32}},"loc":{"start":{"line":111,"column":43},"end":{"line":116,"column":1}},"line":111},"11":{"name":"(anonymous_11)","decl":{"start":{"line":112,"column":28},"end":{"line":112,"column":29}},"loc":{"start":{"line":112,"column":38},"end":{"line":115,"column":3}},"line":112}},"branchMap":{"0":{"loc":{"start":{"line":81,"column":2},"end":{"line":86,"column":3}},"type":"if","locations":[{"start":{"line":81,"column":2},"end":{"line":86,"column":3}},{"start":{},"end":{}}],"line":81}},"s":{"0":3,"1":3,"2":3,"3":3,"4":3,"5":3,"6":3,"7":3,"8":3,"9":3,"10":3,"11":3,"12":4,"13":4,"14":1,"15":3,"16":4,"17":3,"18":0,"19":3,"20":0,"21":3,"22":4,"23":3,"24":0,"25":3,"26":0,"27":3,"28":0,"29":3,"30":0,"31":3,"32":0,"33":3,"34":0,"35":0,"36":3},"f":{"0":4,"1":3,"2":0,"3":0,"4":4,"5":0,"6":0,"7":0,"8":0,"9":0,"10":0,"11":0},"b":{"0":[1,3]},"_coverageSchema":"1a1c01bbd47fc00a2c39e90264f33305004495a9","hash":"f6f7782e37bbbe654ebeed30ef29397473a82588"}
}
