TN:
SF:controllers/adminController.js
FN:10,(anonymous_0)
FN:15,(anonymous_1)
FN:21,(anonymous_2)
FN:26,(anonymous_3)
FN:30,(anonymous_4)
FN:34,(anonymous_5)
FN:35,(anonymous_6)
FN:36,(anonymous_7)
FN:46,(anonymous_8)
FN:51,(anonymous_9)
FN:71,(anonymous_10)
FN:73,(anonymous_11)
FN:78,(anonymous_12)
FN:86,(anonymous_13)
FN:123,(anonymous_14)
FN:144,(anonymous_15)
FN:169,(anonymous_16)
FN:178,(anonymous_17)
FN:190,(anonymous_18)
FN:196,(anonymous_19)
FN:208,(anonymous_20)
FN:228,(anonymous_21)
FN:238,(anonymous_22)
FN:242,(anonymous_23)
FN:258,(anonymous_24)
FN:268,(anonymous_25)
FN:286,(anonymous_26)
FN:291,(anonymous_27)
FN:346,(anonymous_28)
FN:372,(anonymous_29)
FN:373,(anonymous_30)
FN:379,(anonymous_31)
FN:398,(anonymous_32)
FN:424,(anonymous_33)
FN:451,(anonymous_34)
FN:478,(anonymous_35)
FN:480,(anonymous_36)
FN:487,(anonymous_37)
FN:523,(anonymous_38)
FN:541,(anonymous_39)
FN:557,(anonymous_40)
FN:575,(anonymous_41)
FN:593,(anonymous_42)
FN:611,(anonymous_43)
FN:627,(anonymous_44)
FN:644,(anonymous_45)
FN:689,(anonymous_46)
FNF:47
FNH:0
FNDA:0,(anonymous_0)
FNDA:0,(anonymous_1)
FNDA:0,(anonymous_2)
FNDA:0,(anonymous_3)
FNDA:0,(anonymous_4)
FNDA:0,(anonymous_5)
FNDA:0,(anonymous_6)
FNDA:0,(anonymous_7)
FNDA:0,(anonymous_8)
FNDA:0,(anonymous_9)
FNDA:0,(anonymous_10)
FNDA:0,(anonymous_11)
FNDA:0,(anonymous_12)
FNDA:0,(anonymous_13)
FNDA:0,(anonymous_14)
FNDA:0,(anonymous_15)
FNDA:0,(anonymous_16)
FNDA:0,(anonymous_17)
FNDA:0,(anonymous_18)
FNDA:0,(anonymous_19)
FNDA:0,(anonymous_20)
FNDA:0,(anonymous_21)
FNDA:0,(anonymous_22)
FNDA:0,(anonymous_23)
FNDA:0,(anonymous_24)
FNDA:0,(anonymous_25)
FNDA:0,(anonymous_26)
FNDA:0,(anonymous_27)
FNDA:0,(anonymous_28)
FNDA:0,(anonymous_29)
FNDA:0,(anonymous_30)
FNDA:0,(anonymous_31)
FNDA:0,(anonymous_32)
FNDA:0,(anonymous_33)
FNDA:0,(anonymous_34)
FNDA:0,(anonymous_35)
FNDA:0,(anonymous_36)
FNDA:0,(anonymous_37)
FNDA:0,(anonymous_38)
FNDA:0,(anonymous_39)
FNDA:0,(anonymous_40)
FNDA:0,(anonymous_41)
FNDA:0,(anonymous_42)
FNDA:0,(anonymous_43)
FNDA:0,(anonymous_44)
FNDA:0,(anonymous_45)
FNDA:0,(anonymous_46)
DA:1,3
DA:2,3
DA:3,3
DA:4,3
DA:5,3
DA:6,3
DA:8,3
DA:10,3
DA:11,0
DA:12,0
DA:15,3
DA:16,0
DA:17,0
DA:18,0
DA:21,3
DA:22,0
DA:23,0
DA:26,3
DA:27,0
DA:30,3
DA:31,0
DA:32,0
DA:34,0
DA:35,0
DA:36,0
DA:38,0
DA:39,0
DA:40,0
DA:41,0
DA:42,0
DA:44,0
DA:45,0
DA:46,0
DA:47,0
DA:48,0
DA:51,0
DA:52,0
DA:53,0
DA:58,0
DA:59,0
DA:60,0
DA:63,0
DA:70,0
DA:71,0
DA:72,0
DA:73,0
DA:78,0
DA:85,0
DA:87,0
DA:88,0
DA:89,0
DA:90,0
DA:95,0
DA:123,3
DA:124,0
DA:126,0
DA:144,0
DA:145,0
DA:146,0
DA:148,0
DA:149,0
DA:150,0
DA:155,0
DA:156,0
DA:158,0
DA:159,0
DA:161,0
DA:162,0
DA:163,0
DA:164,0
DA:165,0
DA:166,0
DA:169,0
DA:170,0
DA:175,0
DA:178,3
DA:179,0
DA:180,0
DA:182,0
DA:183,0
DA:184,0
DA:185,0
DA:186,0
DA:188,0
DA:189,0
DA:190,0
DA:191,0
DA:192,0
DA:195,0
DA:197,0
DA:198,0
DA:199,0
DA:200,0
DA:201,0
DA:202,0
DA:206,0
DA:208,0
DA:209,0
DA:210,0
DA:213,0
DA:219,0
DA:220,0
DA:222,0
DA:223,0
DA:228,0
DA:238,0
DA:240,0
DA:242,0
DA:247,0
DA:258,0
DA:268,3
DA:269,0
DA:270,0
DA:272,0
DA:284,0
DA:285,0
DA:286,0
DA:287,0
DA:288,0
DA:291,0
DA:292,0
DA:293,0
DA:294,0
DA:296,0
DA:297,0
DA:299,0
DA:300,0
DA:301,0
DA:302,0
DA:303,0
DA:304,0
DA:306,0
DA:307,0
DA:311,0
DA:316,0
DA:317,0
DA:319,0
DA:346,3
DA:347,0
DA:348,0
DA:350,0
DA:362,0
DA:363,0
DA:370,0
DA:371,0
DA:372,0
DA:373,0
DA:375,0
DA:376,0
DA:377,0
DA:379,0
DA:380,0
DA:381,0
DA:384,0
DA:385,0
DA:387,0
DA:388,0
DA:398,0
DA:399,0
DA:401,0
DA:424,3
DA:425,0
DA:427,0
DA:445,0
DA:447,0
DA:448,0
DA:449,0
DA:451,0
DA:452,0
DA:453,0
DA:454,0
DA:456,0
DA:457,0
DA:461,0
DA:462,0
DA:463,0
DA:472,0
DA:473,0
DA:478,0
DA:480,0
DA:481,0
DA:484,0
DA:487,3
DA:488,0
DA:489,0
DA:490,0
DA:492,0
DA:493,0
DA:497,0
DA:515,0
DA:516,0
DA:517,0
DA:520,0
DA:523,3
DA:524,0
DA:525,0
DA:526,0
DA:528,0
DA:533,0
DA:534,0
DA:541,3
DA:542,0
DA:543,0
DA:544,0
DA:549,0
DA:550,0
DA:557,3
DA:558,0
DA:559,0
DA:560,0
DA:562,0
DA:567,0
DA:568,0
DA:575,3
DA:576,0
DA:577,0
DA:578,0
DA:580,0
DA:585,0
DA:586,0
DA:593,3
DA:594,0
DA:595,0
DA:596,0
DA:598,0
DA:603,0
DA:604,0
DA:611,3
DA:612,0
DA:613,0
DA:614,0
DA:619,0
DA:620,0
DA:627,3
DA:628,0
DA:629,0
DA:630,0
DA:635,0
DA:636,0
DA:644,3
DA:645,0
DA:646,0
DA:647,0
DA:648,0
DA:649,0
DA:651,0
DA:652,0
DA:654,0
DA:655,0
DA:656,0
DA:659,0
DA:660,0
DA:662,0
DA:663,0
DA:665,0
DA:667,0
DA:668,0
DA:669,0
DA:671,0
DA:681,0
DA:682,0
DA:689,3
DA:690,0
DA:691,0
DA:692,0
DA:696,0
DA:698,0
DA:699,0
DA:701,0
DA:702,0
DA:704,0
DA:705,0
DA:707,0
DA:710,0
DA:715,0
DA:716,0
DA:721,0
DA:723,0
DA:724,0
LF:279
LH:27
BRDA:12,0,0,0
BRDA:12,0,1,0
BRDA:12,1,0,0
BRDA:12,1,1,0
BRDA:23,2,0,0
BRDA:23,2,1,0
BRDA:26,3,0,0
BRDA:27,4,0,0
BRDA:27,4,1,0
BRDA:36,5,0,0
BRDA:36,5,1,0
BRDA:48,6,0,0
BRDA:48,6,1,0
BRDA:52,7,0,0
BRDA:52,7,1,0
BRDA:52,7,2,0
BRDA:53,8,0,0
BRDA:53,8,1,0
BRDA:58,9,0,0
BRDA:58,9,1,0
BRDA:59,10,0,0
BRDA:59,10,1,0
BRDA:71,11,0,0
BRDA:71,11,1,0
BRDA:73,12,0,0
BRDA:73,12,1,0
BRDA:117,13,0,0
BRDA:117,13,1,0
BRDA:145,14,0,0
BRDA:145,14,1,0
BRDA:146,15,0,0
BRDA:146,15,1,0
BRDA:148,16,0,0
BRDA:148,16,1,0
BRDA:149,17,0,0
BRDA:149,17,1,0
BRDA:156,18,0,0
BRDA:156,18,1,0
BRDA:158,19,0,0
BRDA:158,19,1,0
BRDA:159,20,0,0
BRDA:159,20,1,0
BRDA:161,21,0,0
BRDA:161,21,1,0
BRDA:162,22,0,0
BRDA:162,22,1,0
BRDA:163,23,0,0
BRDA:163,23,1,0
BRDA:164,24,0,0
BRDA:164,24,1,0
BRDA:165,25,0,0
BRDA:165,25,1,0
BRDA:192,26,0,0
BRDA:192,26,1,0
BRDA:197,27,0,0
BRDA:197,27,1,0
BRDA:197,27,2,0
BRDA:198,28,0,0
BRDA:198,28,1,0
BRDA:200,29,0,0
BRDA:200,29,1,0
BRDA:201,30,0,0
BRDA:201,30,1,0
BRDA:210,31,0,0
BRDA:210,31,1,0
BRDA:210,32,0,0
BRDA:210,32,1,0
BRDA:222,33,0,0
BRDA:222,33,1,0
BRDA:256,34,0,0
BRDA:256,34,1,0
BRDA:257,35,0,0
BRDA:257,35,1,0
BRDA:288,36,0,0
BRDA:288,36,1,0
BRDA:293,37,0,0
BRDA:293,37,1,0
BRDA:296,38,0,0
BRDA:296,38,1,0
BRDA:297,39,0,0
BRDA:297,39,1,0
BRDA:299,40,0,0
BRDA:299,40,1,0
BRDA:302,41,0,0
BRDA:302,41,1,0
BRDA:306,42,0,0
BRDA:306,42,1,0
BRDA:308,43,0,0
BRDA:308,43,1,0
BRDA:317,44,0,0
BRDA:317,44,1,0
BRDA:372,45,0,0
BRDA:372,45,1,0
BRDA:373,46,0,0
BRDA:373,46,1,0
BRDA:380,47,0,0
BRDA:380,47,1,0
BRDA:381,48,0,0
BRDA:381,48,1,0
BRDA:384,49,0,0
BRDA:384,49,1,0
BRDA:385,50,0,0
BRDA:385,50,1,0
BRDA:387,51,0,0
BRDA:387,51,1,0
BRDA:411,52,0,0
BRDA:411,52,1,0
BRDA:415,53,0,0
BRDA:415,53,1,0
BRDA:452,54,0,0
BRDA:452,54,1,0
BRDA:454,55,0,0
BRDA:454,55,1,0
BRDA:456,56,0,0
BRDA:456,56,1,0
BRDA:457,57,0,0
BRDA:457,57,1,0
BRDA:458,58,0,0
BRDA:458,58,1,0
BRDA:458,58,2,0
BRDA:458,58,3,0
BRDA:472,59,0,0
BRDA:472,59,1,0
BRDA:515,60,0,0
BRDA:515,60,1,0
BRDA:647,61,0,0
BRDA:647,61,1,0
BRDA:648,62,0,0
BRDA:648,62,1,0
BRDA:654,63,0,0
BRDA:654,63,1,0
BRDA:667,64,0,0
BRDA:667,64,1,0
BRDA:668,65,0,0
BRDA:668,65,1,0
BRDA:691,66,0,0
BRDA:691,67,0,0
BRDA:696,68,0,0
BRDA:696,68,1,0
BRDA:696,68,2,0
BRDA:696,68,3,0
BRF:141
BRH:0
end_of_record
TN:
SF:controllers/billingController.js
FN:9,(anonymous_0)
FN:16,(anonymous_1)
FN:96,(anonymous_2)
FN:140,(anonymous_3)
FN:156,(anonymous_4)
FN:198,(anonymous_5)
FN:228,(anonymous_6)
FN:283,(anonymous_7)
FN:320,(anonymous_8)
FN:366,(anonymous_9)
FN:392,(anonymous_10)
FN:407,(anonymous_11)
FN:423,(anonymous_12)
FN:427,(anonymous_13)
FN:433,(anonymous_14)
FN:437,(anonymous_15)
FN:463,(anonymous_16)
FN:464,(anonymous_17)
FN:465,(anonymous_18)
FN:466,(anonymous_19)
FN:492,(anonymous_20)
FN:499,(anonymous_21)
FN:501,(anonymous_22)
FN:504,(anonymous_23)
FN:509,(anonymous_24)
FN:520,(anonymous_25)
FN:537,(anonymous_26)
FN:548,(anonymous_27)
FN:572,(anonymous_28)
FN:579,(anonymous_29)
FN:594,(anonymous_30)
FN:611,(anonymous_31)
FN:617,(anonymous_32)
FN:642,(anonymous_33)
FNF:34
FNH:5
FNDA:1,(anonymous_0)
FNDA:2,(anonymous_1)
FNDA:1,(anonymous_2)
FNDA:0,(anonymous_3)
FNDA:0,(anonymous_4)
FNDA:0,(anonymous_5)
FNDA:2,(anonymous_6)
FNDA:0,(anonymous_7)
FNDA:1,(anonymous_8)
FNDA:0,(anonymous_9)
FNDA:0,(anonymous_10)
FNDA:0,(anonymous_11)
FNDA:0,(anonymous_12)
FNDA:0,(anonymous_13)
FNDA:0,(anonymous_14)
FNDA:0,(anonymous_15)
FNDA:0,(anonymous_16)
FNDA:0,(anonymous_17)
FNDA:0,(anonymous_18)
FNDA:0,(anonymous_19)
FNDA:0,(anonymous_20)
FNDA:0,(anonymous_21)
FNDA:0,(anonymous_22)
FNDA:0,(anonymous_23)
FNDA:0,(anonymous_24)
FNDA:0,(anonymous_25)
FNDA:0,(anonymous_26)
FNDA:0,(anonymous_27)
FNDA:0,(anonymous_28)
FNDA:0,(anonymous_29)
FNDA:0,(anonymous_30)
FNDA:0,(anonymous_31)
FNDA:0,(anonymous_32)
FNDA:0,(anonymous_33)
DA:1,3
DA:2,3
DA:3,3
DA:4,3
DA:5,3
DA:6,3
DA:7,3
DA:9,3
DA:10,1
DA:11,1
DA:12,1
DA:16,3
DA:17,2
DA:18,2
DA:19,2
DA:21,2
DA:22,2
DA:23,0
DA:26,2
DA:27,1
DA:32,1
DA:33,1
DA:34,1
DA:38,1
DA:39,0
DA:42,1
DA:43,0
DA:48,1
DA:50,1
DA:61,1
DA:62,0
DA:65,1
DA:67,1
DA:78,1
DA:87,0
DA:88,0
DA:96,3
DA:97,1
DA:98,1
DA:99,1
DA:101,1
DA:102,0
DA:105,1
DA:110,1
DA:122,1
DA:131,0
DA:132,0
DA:140,3
DA:141,0
DA:142,0
DA:143,0
DA:144,0
DA:145,0
DA:147,0
DA:148,0
DA:149,0
DA:150,0
DA:151,0
DA:154,0
DA:155,0
DA:156,0
DA:159,0
DA:160,0
DA:162,0
DA:174,0
DA:175,0
DA:176,0
DA:178,0
DA:189,0
DA:190,0
DA:198,3
DA:199,0
DA:200,0
DA:201,0
DA:202,0
DA:203,0
DA:205,0
DA:206,0
DA:208,0
DA:219,0
DA:220,0
DA:228,3
DA:229,2
DA:230,2
DA:231,2
DA:233,2
DA:234,1
DA:237,1
DA:238,1
DA:239,0
DA:242,1
DA:244,1
DA:246,1
DA:247,1
DA:248,1
DA:250,1
DA:252,1
DA:262,1
DA:268,1
DA:274,0
DA:275,0
DA:283,3
DA:284,0
DA:285,0
DA:286,0
DA:288,0
DA:289,0
DA:292,0
DA:293,0
DA:298,0
DA:300,0
DA:305,0
DA:311,0
DA:312,0
DA:320,3
DA:321,1
DA:322,1
DA:323,1
DA:325,1
DA:326,0
DA:329,1
DA:330,0
DA:337,1
DA:338,1
DA:340,1
DA:341,1
DA:346,0
DA:351,0
DA:357,0
DA:358,0
DA:366,3
DA:367,0
DA:368,0
DA:369,0
DA:371,0
DA:372,0
DA:375,0
DA:377,0
DA:383,0
DA:384,0
DA:392,3
DA:393,0
DA:394,0
DA:395,0
DA:397,0
DA:398,0
DA:399,0
DA:402,0
DA:403,0
DA:404,0
DA:406,0
DA:407,0
DA:408,0
DA:409,0
DA:412,0
DA:419,0
DA:420,0
DA:422,0
DA:423,0
DA:426,0
DA:427,0
DA:430,0
DA:431,0
DA:432,0
DA:433,0
DA:436,0
DA:437,0
DA:441,0
DA:463,0
DA:464,0
DA:465,0
DA:466,0
DA:483,0
DA:484,0
DA:492,3
DA:493,0
DA:494,0
DA:495,0
DA:497,0
DA:499,0
DA:501,0
DA:504,0
DA:509,0
DA:510,0
DA:511,0
DA:516,0
DA:517,0
DA:520,0
DA:521,0
DA:526,0
DA:528,0
DA:529,0
DA:537,3
DA:538,0
DA:539,0
DA:540,0
DA:541,0
DA:542,0
DA:544,0
DA:545,0
DA:546,0
DA:548,0
DA:549,0
DA:550,0
DA:552,0
DA:553,0
DA:554,0
DA:556,0
DA:572,0
DA:574,0
DA:579,0
DA:585,0
DA:586,0
DA:594,3
DA:595,0
DA:596,0
DA:598,0
DA:599,0
DA:600,0
DA:602,0
DA:603,0
DA:605,0
DA:606,0
DA:607,0
DA:609,0
DA:610,0
DA:611,0
DA:612,0
DA:613,0
DA:616,0
DA:617,0
DA:620,0
DA:622,0
DA:629,0
DA:631,0
DA:632,0
DA:642,0
DA:643,0
DA:645,0
DA:662,0
DA:663,0
LF:241
LH:73
BRDA:10,0,0,0
BRDA:10,0,1,1
BRDA:10,1,0,1
BRDA:10,1,1,1
BRDA:11,2,0,1
BRDA:11,2,1,0
BRDA:12,3,0,1
BRDA:12,3,1,0
BRDA:19,4,0,2
BRDA:19,4,1,0
BRDA:22,5,0,0
BRDA:22,5,1,2
BRDA:26,6,0,1
BRDA:26,6,1,1
BRDA:26,7,0,2
BRDA:26,7,1,1
BRDA:34,8,0,0
BRDA:34,8,1,1
BRDA:38,9,0,0
BRDA:38,9,1,1
BRDA:38,10,0,1
BRDA:38,10,1,1
BRDA:42,11,0,0
BRDA:42,11,1,1
BRDA:61,12,0,0
BRDA:61,12,1,1
BRDA:101,13,0,0
BRDA:101,13,1,1
BRDA:112,14,0,1
BRDA:112,14,1,0
BRDA:114,15,0,1
BRDA:114,15,1,0
BRDA:117,16,0,1
BRDA:117,16,1,0
BRDA:119,17,0,1
BRDA:119,17,1,0
BRDA:119,18,0,1
BRDA:119,18,1,0
BRDA:143,19,0,0
BRDA:143,19,1,0
BRDA:144,20,0,0
BRDA:144,20,1,0
BRDA:148,21,0,0
BRDA:148,21,1,0
BRDA:150,22,0,0
BRDA:150,22,1,0
BRDA:155,23,0,0
BRDA:155,23,1,0
BRDA:159,24,0,0
BRDA:159,24,1,0
BRDA:174,25,0,0
BRDA:174,25,1,0
BRDA:175,26,0,0
BRDA:175,26,1,0
BRDA:200,27,0,0
BRDA:200,27,1,0
BRDA:201,28,0,0
BRDA:201,28,1,0
BRDA:202,29,0,0
BRDA:202,29,1,0
BRDA:203,30,0,0
BRDA:203,30,1,0
BRDA:233,31,0,1
BRDA:233,31,1,1
BRDA:233,32,0,2
BRDA:233,32,1,1
BRDA:238,33,0,0
BRDA:238,33,1,1
BRDA:242,34,0,0
BRDA:242,34,1,1
BRDA:247,35,0,1
BRDA:247,35,1,0
BRDA:288,36,0,0
BRDA:288,36,1,0
BRDA:292,37,0,0
BRDA:292,37,1,0
BRDA:325,38,0,0
BRDA:325,38,1,1
BRDA:329,39,0,0
BRDA:329,39,1,1
BRDA:340,40,0,1
BRDA:340,40,1,0
BRDA:371,41,0,0
BRDA:371,41,1,0
BRDA:395,42,0,0
BRDA:398,43,0,0
BRDA:398,43,1,0
BRDA:402,44,0,0
BRDA:402,44,1,0
BRDA:409,45,0,0
BRDA:409,45,1,0
BRDA:420,46,0,0
BRDA:420,46,1,0
BRDA:423,47,0,0
BRDA:423,47,1,0
BRDA:427,48,0,0
BRDA:427,48,1,0
BRDA:433,49,0,0
BRDA:433,49,1,0
BRDA:437,50,0,0
BRDA:437,50,1,0
BRDA:450,51,0,0
BRDA:450,51,1,0
BRDA:472,52,0,0
BRDA:472,52,1,0
BRDA:474,53,0,0
BRDA:474,53,1,0
BRDA:477,54,0,0
BRDA:477,54,1,0
BRDA:501,55,0,0
BRDA:501,55,1,0
BRDA:504,56,0,0
BRDA:504,56,1,0
BRDA:510,57,0,0
BRDA:510,57,1,0
BRDA:517,58,0,0
BRDA:517,58,1,0
BRDA:552,59,0,0
BRDA:552,59,1,0
BRDA:552,60,0,0
BRDA:552,60,1,0
BRDA:552,60,2,0
BRDA:553,61,0,0
BRDA:553,61,1,0
BRDA:554,62,0,0
BRDA:554,62,1,0
BRDA:561,63,0,0
BRDA:561,63,1,0
BRDA:596,64,0,0
BRDA:598,65,0,0
BRDA:598,65,1,0
BRDA:613,66,0,0
BRDA:613,66,1,0
BRDA:617,67,0,0
BRDA:617,67,1,0
BRDA:631,68,0,0
BRDA:631,68,1,0
BRDA:656,69,0,0
BRDA:656,69,1,0
BRF:139
BRH:33
end_of_record
TN:
SF:controllers/cdrController.js
FN:5,(anonymous_0)
FN:51,(anonymous_1)
FN:91,(anonymous_2)
FN:121,(anonymous_3)
FN:140,(anonymous_4)
FN:165,(anonymous_5)
FN:184,(anonymous_6)
FN:202,(anonymous_7)
FN:203,(anonymous_8)
FN:205,(anonymous_9)
FN:209,(anonymous_10)
FNF:11
FNH:0
FNDA:0,(anonymous_0)
FNDA:0,(anonymous_1)
FNDA:0,(anonymous_2)
FNDA:0,(anonymous_3)
FNDA:0,(anonymous_4)
FNDA:0,(anonymous_5)
FNDA:0,(anonymous_6)
FNDA:0,(anonymous_7)
FNDA:0,(anonymous_8)
FNDA:0,(anonymous_9)
FNDA:0,(anonymous_10)
DA:1,3
DA:2,3
DA:3,3
DA:5,3
DA:6,0
DA:16,0
DA:18,0
DA:19,0
DA:24,0
DA:35,0
DA:37,0
DA:43,0
DA:44,0
DA:51,3
DA:52,0
DA:53,0
DA:55,0
DA:56,0
DA:59,0
DA:65,0
DA:66,0
DA:67,0
DA:68,0
DA:69,0
DA:71,0
DA:72,0
DA:73,0
DA:77,0
DA:83,0
DA:84,0
DA:91,3
DA:92,0
DA:93,0
DA:94,0
DA:96,0
DA:97,0
DA:105,0
DA:113,0
DA:114,0
DA:121,3
DA:122,0
DA:123,0
DA:124,0
DA:126,0
DA:132,0
DA:133,0
DA:140,3
DA:141,0
DA:142,0
DA:143,0
DA:145,0
DA:153,0
DA:155,0
DA:157,0
DA:158,0
DA:165,3
DA:166,0
DA:167,0
DA:168,0
DA:170,0
DA:171,0
DA:174,0
DA:176,0
DA:177,0
DA:184,3
DA:185,0
DA:186,0
DA:187,0
DA:189,0
DA:197,0
DA:198,0
DA:200,0
DA:202,0
DA:203,0
DA:205,0
DA:209,0
DA:214,0
DA:219,0
DA:221,0
DA:223,0
DA:224,0
LF:81
LH:10
BRDA:18,0,0,0
BRDA:18,0,1,0
BRDA:18,1,0,0
BRDA:18,1,1,0
BRDA:18,1,2,0
BRDA:18,1,3,0
BRDA:18,1,4,0
BRDA:55,2,0,0
BRDA:55,2,1,0
BRDA:55,3,0,0
BRDA:55,3,1,0
BRDA:96,4,0,0
BRDA:96,4,1,0
BRDA:149,5,0,0
BRDA:149,5,1,0
BRDA:150,6,0,0
BRDA:150,6,1,0
BRDA:170,7,0,0
BRDA:170,7,1,0
BRDA:203,8,0,0
BRDA:203,8,1,0
BRDA:205,9,0,0
BRDA:205,9,1,0
BRDA:208,10,0,0
BRDA:208,10,1,0
BRF:25
BRH:0
end_of_record
TN:
SF:controllers/customerController.js
FN:8,(anonymous_0)
FN:14,(anonymous_1)
FN:37,(anonymous_2)
FN:59,(anonymous_3)
FN:89,(anonymous_4)
FN:112,(anonymous_5)
FN:135,(anonymous_6)
FN:152,(anonymous_7)
FN:184,(anonymous_8)
FN:221,(anonymous_9)
FN:250,(anonymous_10)
FN:286,(anonymous_11)
FN:291,(anonymous_12)
FN:292,(anonymous_13)
FN:294,(anonymous_14)
FN:297,(anonymous_15)
FN:298,(anonymous_16)
FN:299,(anonymous_17)
FN:304,(anonymous_18)
FN:315,(anonymous_19)
FN:326,(anonymous_20)
FNF:21
FNH:4
FNDA:4,(anonymous_0)
FNDA:3,(anonymous_1)
FNDA:0,(anonymous_2)
FNDA:2,(anonymous_3)
FNDA:0,(anonymous_4)
FNDA:0,(anonymous_5)
FNDA:0,(anonymous_6)
FNDA:2,(anonymous_7)
FNDA:0,(anonymous_8)
FNDA:0,(anonymous_9)
FNDA:0,(anonymous_10)
FNDA:0,(anonymous_11)
FNDA:0,(anonymous_12)
FNDA:0,(anonymous_13)
FNDA:0,(anonymous_14)
FNDA:0,(anonymous_15)
FNDA:0,(anonymous_16)
FNDA:0,(anonymous_17)
FNDA:0,(anonymous_18)
FNDA:0,(anonymous_19)
FNDA:0,(anonymous_20)
DA:1,3
DA:2,3
DA:3,3
DA:4,3
DA:5,3
DA:6,3
DA:8,3
DA:9,4
DA:10,4
DA:11,4
DA:12,1
DA:14,3
DA:18,3
DA:19,3
DA:20,1
DA:23,2
DA:24,2
DA:26,2
DA:32,0
DA:33,0
DA:37,3
DA:38,0
DA:39,0
DA:40,0
DA:41,0
DA:43,0
DA:54,0
DA:55,0
DA:59,3
DA:60,2
DA:61,2
DA:62,2
DA:64,2
DA:65,1
DA:68,1
DA:74,1
DA:84,0
DA:85,0
DA:89,3
DA:90,0
DA:91,0
DA:92,0
DA:94,0
DA:95,0
DA:98,0
DA:99,0
DA:101,0
DA:107,0
DA:108,0
DA:112,3
DA:113,0
DA:114,0
DA:115,0
DA:117,0
DA:118,0
DA:121,0
DA:122,0
DA:124,0
DA:130,0
DA:131,0
DA:135,3
DA:136,0
DA:137,0
DA:138,0
DA:140,0
DA:141,0
DA:144,0
DA:145,0
DA:147,0
DA:148,0
DA:152,3
DA:153,2
DA:154,2
DA:155,2
DA:157,2
DA:158,1
DA:161,1
DA:162,1
DA:163,0
DA:166,1
DA:167,1
DA:169,1
DA:179,0
DA:180,0
DA:184,3
DA:185,0
DA:186,0
DA:187,0
DA:189,0
DA:190,0
DA:193,0
DA:194,0
DA:197,0
DA:198,0
DA:199,0
DA:202,0
DA:203,0
DA:205,0
DA:216,0
DA:217,0
DA:221,3
DA:222,0
DA:223,0
DA:224,0
DA:225,0
DA:227,0
DA:228,0
DA:229,0
DA:232,0
DA:234,0
DA:245,0
DA:246,0
DA:250,3
DA:251,0
DA:252,0
DA:253,0
DA:255,0
DA:256,0
DA:259,0
DA:264,0
DA:281,0
DA:282,0
DA:286,3
DA:287,0
DA:288,0
DA:289,0
DA:291,0
DA:292,0
DA:294,0
DA:297,0
DA:298,0
DA:299,0
DA:304,0
DA:305,0
DA:308,0
DA:310,0
DA:311,0
DA:315,3
DA:316,0
DA:317,0
DA:319,0
DA:320,0
DA:323,0
DA:324,0
DA:325,0
DA:326,0
DA:329,0
DA:331,0
DA:332,0
LF:149
LH:46
BRDA:11,0,0,1
BRDA:11,0,1,3
BRDA:19,1,0,1
BRDA:19,1,1,2
BRDA:39,2,0,0
BRDA:39,2,1,0
BRDA:40,3,0,0
BRDA:40,3,1,0
BRDA:64,4,0,1
BRDA:64,4,1,1
BRDA:94,5,0,0
BRDA:94,5,1,0
BRDA:117,6,0,0
BRDA:117,6,1,0
BRDA:140,7,0,0
BRDA:140,7,1,0
BRDA:157,8,0,1
BRDA:157,8,1,1
BRDA:157,9,0,2
BRDA:157,9,1,2
BRDA:162,10,0,0
BRDA:162,10,1,1
BRDA:166,11,0,1
BRDA:166,11,1,0
BRDA:189,12,0,0
BRDA:189,12,1,0
BRDA:193,13,0,0
BRDA:193,13,1,0
BRDA:198,14,0,0
BRDA:198,14,1,0
BRDA:224,15,0,0
BRDA:224,15,1,0
BRDA:225,16,0,0
BRDA:225,16,1,0
BRDA:228,17,0,0
BRDA:228,17,1,0
BRDA:255,18,0,0
BRDA:255,18,1,0
BRDA:294,19,0,0
BRDA:294,19,1,0
BRDA:305,20,0,0
BRDA:305,20,1,0
BRDA:319,21,0,0
BRDA:319,21,1,0
BRDA:319,22,0,0
BRDA:319,22,1,0
BRDA:326,23,0,0
BRDA:326,23,1,0
BRF:48
BRH:12
end_of_record
TN:
SF:controllers/ratecardController.js
FN:8,(anonymous_0)
FN:25,(anonymous_1)
FN:83,(anonymous_2)
FN:94,(anonymous_3)
FN:95,(anonymous_4)
FN:117,(anonymous_5)
FN:137,(anonymous_6)
FN:186,(anonymous_7)
FN:208,(anonymous_8)
FN:256,(anonymous_9)
FN:287,(anonymous_10)
FN:340,(anonymous_11)
FN:354,(anonymous_12)
FN:357,(anonymous_13)
FN:365,(anonymous_14)
FN:388,(anonymous_15)
FN:406,(anonymous_16)
FN:474,(anonymous_17)
FN:545,(anonymous_18)
FN:574,(anonymous_19)
FN:577,(anonymous_20)
FN:578,(anonymous_21)
FN:580,(anonymous_22)
FN:581,(anonymous_23)
FN:583,(anonymous_24)
FNF:25
FNH:0
FNDA:0,(anonymous_0)
FNDA:0,(anonymous_1)
FNDA:0,(anonymous_2)
FNDA:0,(anonymous_3)
FNDA:0,(anonymous_4)
FNDA:0,(anonymous_5)
FNDA:0,(anonymous_6)
FNDA:0,(anonymous_7)
FNDA:0,(anonymous_8)
FNDA:0,(anonymous_9)
FNDA:0,(anonymous_10)
FNDA:0,(anonymous_11)
FNDA:0,(anonymous_12)
FNDA:0,(anonymous_13)
FNDA:0,(anonymous_14)
FNDA:0,(anonymous_15)
FNDA:0,(anonymous_16)
FNDA:0,(anonymous_17)
FNDA:0,(anonymous_18)
FNDA:0,(anonymous_19)
FNDA:0,(anonymous_20)
FNDA:0,(anonymous_21)
FNDA:0,(anonymous_22)
FNDA:0,(anonymous_23)
FNDA:0,(anonymous_24)
DA:1,3
DA:2,3
DA:3,3
DA:4,3
DA:5,3
DA:8,3
DA:9,0
DA:19,0
DA:21,0
DA:22,0
DA:23,0
DA:25,0
DA:29,0
DA:30,0
DA:31,0
DA:34,0
DA:35,0
DA:42,0
DA:48,0
DA:50,0
DA:61,0
DA:68,0
DA:74,0
DA:75,0
DA:83,3
DA:84,0
DA:85,0
DA:87,0
DA:88,0
DA:89,0
DA:92,0
DA:93,0
DA:94,0
DA:95,0
DA:98,0
DA:108,0
DA:109,0
DA:117,3
DA:118,0
DA:119,0
DA:120,0
DA:122,0
DA:123,0
DA:126,0
DA:128,0
DA:129,0
DA:137,3
DA:138,0
DA:139,0
DA:140,0
DA:142,0
DA:143,0
DA:148,0
DA:149,0
DA:154,0
DA:155,0
DA:156,0
DA:159,0
DA:161,0
DA:162,0
DA:167,0
DA:177,0
DA:178,0
DA:186,3
DA:187,0
DA:188,0
DA:196,0
DA:198,0
DA:199,0
DA:200,0
DA:203,0
DA:208,0
DA:210,0
DA:211,0
DA:212,0
DA:220,0
DA:227,0
DA:236,0
DA:241,0
DA:247,0
DA:248,0
DA:256,3
DA:257,0
DA:258,0
DA:260,0
DA:261,0
DA:262,0
DA:265,0
DA:267,0
DA:272,0
DA:278,0
DA:279,0
DA:287,3
DA:288,0
DA:289,0
DA:290,0
DA:292,0
DA:293,0
DA:298,0
DA:299,0
DA:302,0
DA:304,0
DA:311,0
DA:331,0
DA:332,0
DA:340,3
DA:341,0
DA:342,0
DA:343,0
DA:345,0
DA:346,0
DA:347,0
DA:350,0
DA:352,0
DA:353,0
DA:354,0
DA:357,0
DA:359,0
DA:365,0
DA:379,0
DA:380,0
DA:388,3
DA:389,0
DA:390,0
DA:398,0
DA:400,0
DA:401,0
DA:402,0
DA:405,0
DA:406,0
DA:408,0
DA:409,0
DA:415,0
DA:416,0
DA:417,0
DA:419,0
DA:420,0
DA:425,0
DA:426,0
DA:433,0
DA:439,0
DA:449,0
DA:456,0
DA:465,0
DA:466,0
DA:474,3
DA:475,0
DA:476,0
DA:478,0
DA:479,0
DA:484,0
DA:485,0
DA:490,0
DA:491,0
DA:493,0
DA:494,0
DA:499,0
DA:500,0
DA:502,0
DA:504,0
DA:508,0
DA:536,0
DA:537,0
DA:545,3
DA:546,0
DA:547,0
DA:549,0
DA:550,0
DA:551,0
DA:554,0
DA:556,0
DA:557,0
DA:574,0
DA:575,0
DA:577,0
DA:578,0
DA:580,0
DA:581,0
DA:583,0
DA:588,0
DA:590,0
DA:591,0
LF:182
LH:16
BRDA:22,0,0,0
BRDA:22,0,1,0
BRDA:30,1,0,0
BRDA:30,1,1,0
BRDA:39,2,0,0
BRDA:39,2,1,0
BRDA:48,3,0,0
BRDA:48,3,1,0
BRDA:56,4,0,0
BRDA:56,4,1,0
BRDA:88,5,0,0
BRDA:88,5,1,0
BRDA:122,6,0,0
BRDA:122,6,1,0
BRDA:142,7,0,0
BRDA:142,7,1,0
BRDA:148,8,0,0
BRDA:148,8,1,0
BRDA:155,9,0,0
BRDA:155,9,1,0
BRDA:161,10,0,0
BRDA:161,10,1,0
BRDA:199,11,0,0
BRDA:199,11,1,0
BRDA:210,12,0,0
BRDA:210,12,1,0
BRDA:213,13,0,0
BRDA:213,13,1,0
BRDA:214,14,0,0
BRDA:214,14,1,0
BRDA:215,15,0,0
BRDA:215,15,1,0
BRDA:217,16,0,0
BRDA:217,16,1,0
BRDA:261,17,0,0
BRDA:261,17,1,0
BRDA:292,18,0,0
BRDA:292,18,1,0
BRDA:292,19,0,0
BRDA:292,19,1,0
BRDA:298,20,0,0
BRDA:298,20,1,0
BRDA:302,21,0,0
BRDA:302,21,1,0
BRDA:346,22,0,0
BRDA:346,22,1,0
BRDA:353,23,0,0
BRDA:353,23,1,0
BRDA:363,24,0,0
BRDA:363,24,1,0
BRDA:401,25,0,0
BRDA:401,25,1,0
BRDA:408,26,0,0
BRDA:408,26,1,0
BRDA:419,27,0,0
BRDA:419,27,1,0
BRDA:430,28,0,0
BRDA:430,28,1,0
BRDA:445,29,0,0
BRDA:445,29,1,0
BRDA:478,30,0,0
BRDA:478,30,1,0
BRDA:478,31,0,0
BRDA:478,31,1,0
BRDA:484,32,0,0
BRDA:484,32,1,0
BRDA:484,33,0,0
BRDA:484,33,1,0
BRDA:493,34,0,0
BRDA:493,34,1,0
BRDA:493,35,0,0
BRDA:493,35,1,0
BRDA:504,36,0,0
BRDA:504,36,1,0
BRDA:527,37,0,0
BRDA:527,37,1,0
BRDA:527,38,0,0
BRDA:527,38,1,0
BRDA:550,39,0,0
BRDA:550,39,1,0
BRDA:556,40,0,0
BRDA:556,40,1,0
BRF:82
BRH:0
end_of_record
TN:
SF:controllers/schedulerController.js
FN:5,(anonymous_0)
FN:13,(anonymous_1)
FN:23,(anonymous_2)
FN:32,(anonymous_3)
FN:35,(anonymous_4)
FN:48,(anonymous_5)
FN:64,(anonymous_6)
FN:67,(anonymous_7)
FN:78,(anonymous_8)
FN:79,(anonymous_9)
FN:105,(anonymous_10)
FN:126,(anonymous_11)
FN:137,(anonymous_12)
FN:148,(anonymous_13)
FN:165,(anonymous_14)
FN:171,(anonymous_15)
FNF:16
FNH:1
FNDA:0,(anonymous_0)
FNDA:0,(anonymous_1)
FNDA:0,(anonymous_2)
FNDA:0,(anonymous_3)
FNDA:0,(anonymous_4)
FNDA:0,(anonymous_5)
FNDA:1,(anonymous_6)
FNDA:0,(anonymous_7)
FNDA:0,(anonymous_8)
FNDA:0,(anonymous_9)
FNDA:0,(anonymous_10)
FNDA:0,(anonymous_11)
FNDA:0,(anonymous_12)
FNDA:0,(anonymous_13)
FNDA:0,(anonymous_14)
FNDA:0,(anonymous_15)
DA:1,3
DA:2,3
DA:3,3
DA:5,3
DA:6,0
DA:7,0
DA:8,0
DA:10,0
DA:13,3
DA:14,0
DA:19,0
DA:23,0
DA:32,3
DA:33,0
DA:34,0
DA:35,0
DA:38,0
DA:40,0
DA:41,0
DA:48,3
DA:49,0
DA:50,0
DA:51,0
DA:54,0
DA:55,0
DA:56,0
DA:58,0
DA:60,0
DA:64,3
DA:65,1
DA:66,1
DA:68,0
DA:69,0
DA:70,0
DA:72,0
DA:79,0
DA:90,1
DA:96,0
DA:97,0
DA:105,3
DA:106,0
DA:107,0
DA:108,0
DA:110,0
DA:115,0
DA:121,0
DA:122,0
DA:126,3
DA:127,0
DA:128,0
DA:129,0
DA:130,0
DA:132,0
DA:133,0
DA:137,3
DA:138,0
DA:139,0
DA:140,0
DA:141,0
DA:143,0
DA:144,0
DA:148,3
DA:149,0
DA:150,0
DA:151,0
DA:153,0
DA:158,0
DA:160,0
DA:161,0
DA:165,3
DA:166,0
DA:167,0
DA:168,0
DA:170,0
DA:172,0
DA:176,0
DA:178,0
DA:179,0
LF:78
LH:16
BRDA:7,0,0,0
BRDA:7,0,1,0
BRDA:41,1,0,0
BRDA:41,1,1,0
BRDA:49,2,0,0
BRDA:49,2,1,0
BRDA:50,3,0,0
BRDA:50,3,1,0
BRDA:55,4,0,0
BRDA:55,4,1,0
BRDA:69,5,0,0
BRDA:69,5,1,0
BRDA:122,6,0,0
BRDA:122,6,1,0
BRDA:133,7,0,0
BRDA:133,7,1,0
BRDA:144,8,0,0
BRDA:144,8,1,0
BRDA:151,9,0,0
BRDA:151,9,1,0
BRDA:161,10,0,0
BRDA:161,10,1,0
BRDA:179,11,0,0
BRDA:179,11,1,0
BRF:24
BRH:0
end_of_record
TN:
SF:controllers/stripeController.js
FN:20,(anonymous_0)
FN:22,(anonymous_1)
FN:30,(anonymous_2)
FN:63,(anonymous_3)
FN:91,(anonymous_4)
FN:99,(anonymous_5)
FN:112,(anonymous_6)
FN:156,(anonymous_7)
FN:184,(anonymous_8)
FN:275,(anonymous_9)
FN:332,(anonymous_10)
FN:357,(anonymous_11)
FN:387,(anonymous_12)
FN:419,(anonymous_13)
FN:466,(anonymous_14)
FN:584,finalizeSuccessfulPayment
FN:618,handlePaymentSucceeded
FN:631,handlePaymentFailed
FN:658,handlePaymentCanceled
FN:675,handleChargeRefunded
FNF:20
FNH:3
FNDA:0,(anonymous_0)
FNDA:0,(anonymous_1)
FNDA:0,(anonymous_2)
FNDA:0,(anonymous_3)
FNDA:4,(anonymous_4)
FNDA:2,(anonymous_5)
FNDA:4,(anonymous_6)
FNDA:0,(anonymous_7)
FNDA:0,(anonymous_8)
FNDA:0,(anonymous_9)
FNDA:0,(anonymous_10)
FNDA:0,(anonymous_11)
FNDA:0,(anonymous_12)
FNDA:0,(anonymous_13)
FNDA:0,(anonymous_14)
FNDA:0,finalizeSuccessfulPayment
FNDA:0,handlePaymentSucceeded
FNDA:0,handlePaymentFailed
FNDA:0,handlePaymentCanceled
FNDA:0,handleChargeRefunded
DA:1,4
DA:2,4
DA:3,4
DA:4,4
DA:5,4
DA:6,4
DA:8,4
DA:9,4
DA:11,4
DA:12,4
DA:19,4
DA:20,4
DA:22,4
DA:23,0
DA:24,0
DA:25,0
DA:27,0
DA:30,4
DA:31,0
DA:32,0
DA:35,0
DA:36,0
DA:37,0
DA:38,0
DA:39,0
DA:42,0
DA:48,0
DA:59,0
DA:60,0
DA:63,4
DA:64,0
DA:65,0
DA:68,0
DA:69,0
DA:73,0
DA:79,0
DA:81,0
DA:87,0
DA:91,4
DA:92,4
DA:93,1
DA:96,3
DA:99,4
DA:100,2
DA:101,2
DA:107,2
DA:108,2
DA:112,4
DA:113,4
DA:114,4
DA:115,1
DA:118,3
DA:119,0
DA:122,3
DA:123,3
DA:128,2
DA:133,2
DA:135,1
DA:139,1
DA:143,1
DA:146,1
DA:153,2
DA:156,4
DA:163,0
DA:175,0
DA:176,0
DA:177,0
DA:178,0
DA:181,0
DA:184,4
DA:185,0
DA:186,0
DA:187,0
DA:189,0
DA:190,0
DA:191,0
DA:194,0
DA:195,0
DA:196,0
DA:199,0
DA:200,0
DA:202,0
DA:203,0
DA:205,0
DA:207,0
DA:208,0
DA:209,0
DA:212,0
DA:221,0
DA:222,0
DA:223,0
DA:225,0
DA:230,0
DA:236,0
DA:247,0
DA:248,0
DA:251,0
DA:257,0
DA:270,0
DA:271,0
DA:275,4
DA:276,0
DA:277,0
DA:278,0
DA:281,0
DA:282,0
DA:283,0
DA:284,0
DA:287,0
DA:288,0
DA:292,0
DA:296,0
DA:299,0
DA:300,0
DA:301,0
DA:304,0
DA:305,0
DA:310,0
DA:312,0
DA:313,0
DA:316,0
DA:327,0
DA:328,0
DA:332,4
DA:333,0
DA:334,0
DA:335,0
DA:336,0
DA:338,0
DA:352,0
DA:353,0
DA:357,4
DA:358,0
DA:359,0
DA:360,0
DA:362,0
DA:363,0
DA:366,0
DA:367,0
DA:372,0
DA:382,0
DA:383,0
DA:387,4
DA:388,0
DA:389,0
DA:390,0
DA:391,0
DA:393,0
DA:394,0
DA:395,0
DA:398,0
DA:400,0
DA:411,0
DA:412,0
DA:419,4
DA:420,0
DA:423,0
DA:424,0
DA:430,0
DA:431,0
DA:434,0
DA:435,0
DA:436,0
DA:437,0
DA:438,0
DA:441,0
DA:443,0
DA:444,0
DA:446,0
DA:447,0
DA:449,0
DA:450,0
DA:452,0
DA:453,0
DA:455,0
DA:458,0
DA:459,0
DA:461,0
DA:462,0
DA:466,4
DA:467,0
DA:468,0
DA:470,0
DA:471,0
DA:474,0
DA:475,0
DA:477,0
DA:478,0
DA:479,0
DA:483,0
DA:487,0
DA:488,0
DA:489,0
DA:490,0
DA:492,0
DA:493,0
DA:495,0
DA:498,0
DA:499,0
DA:500,0
DA:501,0
DA:502,0
DA:505,0
DA:506,0
DA:508,0
DA:509,0
DA:510,0
DA:514,0
DA:520,0
DA:523,0
DA:525,0
DA:532,0
DA:533,0
DA:534,0
DA:535,0
DA:537,0
DA:538,0
DA:546,0
DA:547,0
DA:551,0
DA:560,0
DA:561,0
DA:568,0
DA:576,0
DA:577,0
DA:585,0
DA:586,0
DA:587,0
DA:590,0
DA:593,0
DA:595,0
DA:596,0
DA:597,0
DA:599,0
DA:601,0
DA:611,0
DA:619,0
DA:620,0
DA:621,0
DA:624,0
DA:627,0
DA:628,0
DA:632,0
DA:633,0
DA:634,0
DA:637,0
DA:641,0
DA:643,0
DA:644,0
DA:651,0
DA:659,0
DA:660,0
DA:661,0
DA:664,0
DA:667,0
DA:669,0
DA:676,0
DA:682,4
LF:258
LH:47
BRDA:24,0,0,0
BRDA:24,0,1,0
BRDA:24,1,0,0
BRDA:24,1,1,0
BRDA:24,1,2,0
BRDA:31,2,0,0
BRDA:31,2,1,0
BRDA:37,3,0,0
BRDA:37,3,1,0
BRDA:64,4,0,0
BRDA:64,4,1,0
BRDA:92,5,0,1
BRDA:92,5,1,3
BRDA:92,6,0,4
BRDA:92,6,1,1
BRDA:99,7,0,1
BRDA:99,8,0,1
BRDA:103,9,0,2
BRDA:103,9,1,0
BRDA:107,10,0,2
BRDA:107,10,1,0
BRDA:108,11,0,2
BRDA:108,11,1,1
BRDA:114,12,0,1
BRDA:114,12,1,3
BRDA:118,13,0,0
BRDA:118,13,1,3
BRDA:128,14,0,2
BRDA:128,14,1,1
BRDA:128,14,2,1
BRDA:128,14,3,1
BRDA:133,15,0,1
BRDA:133,15,1,1
BRDA:135,16,0,0
BRDA:135,16,1,1
BRDA:175,17,0,0
BRDA:175,17,1,0
BRDA:187,18,0,0
BRDA:187,18,1,0
BRDA:190,19,0,0
BRDA:190,19,1,0
BRDA:195,20,0,0
BRDA:195,20,1,0
BRDA:202,21,0,0
BRDA:202,21,1,0
BRDA:205,22,0,0
BRDA:205,22,1,0
BRDA:207,23,0,0
BRDA:207,23,1,0
BRDA:247,24,0,0
BRDA:247,24,1,0
BRDA:247,25,0,0
BRDA:247,25,1,0
BRDA:278,26,0,0
BRDA:278,26,1,0
BRDA:283,27,0,0
BRDA:283,27,1,0
BRDA:300,28,0,0
BRDA:300,28,1,0
BRDA:304,29,0,0
BRDA:304,29,1,0
BRDA:312,30,0,0
BRDA:312,30,1,0
BRDA:345,31,0,0
BRDA:345,31,1,0
BRDA:346,32,0,0
BRDA:346,32,1,0
BRDA:347,33,0,0
BRDA:347,33,1,0
BRDA:362,34,0,0
BRDA:362,34,1,0
BRDA:377,35,0,0
BRDA:377,35,1,0
BRDA:390,36,0,0
BRDA:390,36,1,0
BRDA:391,37,0,0
BRDA:391,37,1,0
BRDA:394,38,0,0
BRDA:394,38,1,0
BRDA:407,39,0,0
BRDA:407,39,1,0
BRDA:436,40,0,0
BRDA:436,40,1,0
BRDA:441,41,0,0
BRDA:441,41,1,0
BRDA:441,41,2,0
BRDA:441,41,3,0
BRDA:441,41,4,0
BRDA:470,42,0,0
BRDA:470,42,1,0
BRDA:483,43,0,0
BRDA:483,43,1,0
BRDA:484,44,0,0
BRDA:484,44,1,0
BRDA:487,45,0,0
BRDA:487,45,1,0
BRDA:498,46,0,0
BRDA:498,46,1,0
BRDA:501,47,0,0
BRDA:501,47,1,0
BRDA:508,48,0,0
BRDA:508,48,1,0
BRDA:532,49,0,0
BRDA:532,49,1,0
BRDA:586,50,0,0
BRDA:586,50,1,0
BRDA:596,51,0,0
BRDA:596,51,1,0
BRDA:620,52,0,0
BRDA:620,52,1,0
BRDA:633,53,0,0
BRDA:633,53,1,0
BRDA:641,54,0,0
BRDA:641,54,1,0
BRDA:660,55,0,0
BRDA:660,55,1,0
BRF:116
BRH:20
end_of_record
TN:
SF:middleware/errorHandler.js
FN:3,(anonymous_0)
FN:5,(anonymous_1)
FN:28,(anonymous_2)
FN:28,(anonymous_3)
FN:32,(anonymous_4)
FNF:5
FNH:0
FNDA:0,(anonymous_0)
FNDA:0,(anonymous_1)
FNDA:0,(anonymous_2)
FNDA:0,(anonymous_3)
FNDA:0,(anonymous_4)
DA:1,3
DA:3,3
DA:5,3
DA:6,0
DA:8,0
DA:18,0
DA:19,0
DA:21,0
DA:28,3
DA:29,0
DA:32,3
DA:33,0
DA:39,0
DA:46,3
LF:14
LH:6
BRDA:6,0,0,0
BRDA:6,0,1,0
BRDA:19,1,0,0
BRDA:19,1,1,0
BRDA:19,1,2,0
BRDA:22,2,0,0
BRDA:22,2,1,0
BRDA:24,3,0,0
BRDA:24,3,1,0
BRF:9
BRH:0
end_of_record
TN:
SF:middleware/logger.js
FN:16,(anonymous_0)
FNF:1
FNH:1
FNDA:56,(anonymous_0)
DA:1,5
DA:2,5
DA:4,5
DA:17,56
DA:18,56
DA:36,5
LF:6
LH:6
BRDA:5,0,0,5
BRDA:5,0,1,0
BRDA:17,1,0,56
BRDA:17,1,1,0
BRF:4
BRH:2
end_of_record
TN:
SF:middleware/rateLimiter.js
FN:5,(anonymous_0)
FN:8,(anonymous_1)
FN:19,(anonymous_2)
FN:20,(anonymous_3)
FNF:4
FNH:2
FNDA:0,(anonymous_0)
FNDA:0,(anonymous_1)
FNDA:3,(anonymous_2)
FNDA:15,(anonymous_3)
DA:1,3
DA:3,3
DA:5,3
DA:6,0
DA:8,0
DA:9,0
DA:10,0
DA:15,3
DA:16,3
DA:19,3
DA:20,3
DA:21,15
DA:23,15
DA:24,3
DA:30,15
DA:31,15
DA:33,15
DA:34,0
DA:40,15
DA:42,15
DA:43,15
DA:44,15
DA:46,15
DA:47,0
DA:53,0
DA:55,0
DA:61,15
DA:65,3
LF:28
LH:20
BRDA:9,0,0,0
BRDA:9,0,1,0
BRDA:15,1,0,3
BRDA:15,1,1,0
BRDA:19,2,0,0
BRDA:19,3,0,0
BRDA:21,4,0,15
BRDA:21,4,1,0
BRDA:21,4,2,0
BRDA:21,4,3,0
BRDA:23,5,0,3
BRDA:23,5,1,12
BRDA:33,6,0,0
BRDA:33,6,1,15
BRDA:46,7,0,0
BRDA:46,7,1,15
BRF:16
BRH:6
end_of_record
TN:
SF:middleware/sanitizer.js
FN:6,(anonymous_0)
FN:18,(anonymous_1)
FN:26,(anonymous_2)
FN:36,(anonymous_3)
FNF:4
FNH:4
FNDA:19,(anonymous_0)
FNDA:73,(anonymous_1)
FNDA:32,(anonymous_2)
FNDA:15,(anonymous_3)
DA:1,3
DA:6,3
DA:7,19
DA:9,19
DA:18,3
DA:19,73
DA:20,30
DA:21,11
DA:24,43
DA:26,43
DA:27,32
DA:30,43
DA:36,3
DA:37,15
DA:38,15
DA:39,11
DA:42,15
DA:43,15
DA:46,15
DA:47,15
DA:50,15
DA:52,0
DA:53,0
DA:59,3
LF:24
LH:22
BRDA:7,0,0,0
BRDA:7,0,1,19
BRDA:19,1,0,30
BRDA:19,1,1,43
BRDA:19,2,0,73
BRDA:19,2,1,43
BRDA:20,3,0,19
BRDA:20,3,1,11
BRDA:24,4,0,1
BRDA:24,4,1,42
BRDA:38,5,0,11
BRDA:38,5,1,4
BRDA:38,6,0,15
BRDA:38,6,1,11
BRDA:42,7,0,15
BRDA:42,7,1,0
BRDA:42,8,0,15
BRDA:42,8,1,15
BRDA:46,9,0,15
BRDA:46,9,1,0
BRDA:46,10,0,15
BRDA:46,10,1,15
BRF:22
BRH:19
end_of_record
TN:
SF:middleware/securityHeaders.js
FN:1,(anonymous_0)
FNF:1
FNH:1
FNDA:15,(anonymous_0)
DA:1,3
DA:2,15
DA:4,15
DA:5,15
DA:6,15
DA:7,15
DA:8,15
DA:9,15
DA:10,15
DA:12,15
DA:15,3
LF:11
LH:11
BRF:0
BRH:0
end_of_record
TN:
SF:middleware/sizeLimit.js
FN:3,(anonymous_0)
FNF:1
FNH:1
FNDA:15,(anonymous_0)
DA:1,3
DA:3,3
DA:4,15
DA:5,15
DA:7,15
DA:8,0
DA:15,0
DA:21,15
DA:24,3
LF:9
LH:7
BRDA:4,0,0,15
BRDA:4,0,1,15
BRDA:5,1,0,15
BRDA:5,1,1,4
BRDA:7,2,0,0
BRDA:7,2,1,15
BRF:6
BRH:5
end_of_record
TN:
SF:middleware/validateRequest.js
FN:3,(anonymous_0)
FN:4,(anonymous_1)
FN:9,(anonymous_2)
FN:10,(anonymous_3)
FN:16,(anonymous_4)
FN:30,(anonymous_5)
FN:31,(anonymous_6)
FN:37,(anonymous_7)
FNF:8
FNH:0
FNDA:0,(anonymous_0)
FNDA:0,(anonymous_1)
FNDA:0,(anonymous_2)
FNDA:0,(anonymous_3)
FNDA:0,(anonymous_4)
FNDA:0,(anonymous_5)
FNDA:0,(anonymous_6)
FNDA:0,(anonymous_7)
DA:1,0
DA:3,0
DA:4,0
DA:9,0
DA:10,0
DA:11,0
DA:13,0
DA:14,0
DA:16,0
DA:19,0
DA:25,0
DA:26,0
DA:30,0
DA:31,0
DA:32,0
DA:34,0
DA:35,0
DA:37,0
DA:40,0
DA:46,0
DA:47,0
DA:51,0
LF:22
LH:0
BRDA:13,0,0,0
BRDA:13,0,1,0
BRDA:34,1,0,0
BRDA:34,1,1,0
BRF:4
BRH:0
end_of_record
TN:
SF:middleware/validation.js
FN:3,(anonymous_0)
FN:3,(anonymous_1)
FNF:2
FNH:0
FNDA:0,(anonymous_0)
FNDA:0,(anonymous_1)
DA:1,0
DA:3,0
DA:4,0
DA:5,0
DA:6,0
DA:8,0
DA:9,0
DA:12,0
DA:20,0
DA:28,0
DA:37,0
LF:11
LH:0
BRDA:5,0,0,0
BRDA:5,0,1,0
BRF:2
BRH:0
end_of_record
TN:
SF:models/CDR.js
FN:6,(anonymous_0)
FN:50,(anonymous_1)
FN:60,(anonymous_2)
FN:113,(anonymous_3)
FN:134,(anonymous_4)
FN:150,(anonymous_5)
FNF:6
FNH:1
FNDA:0,(anonymous_0)
FNDA:0,(anonymous_1)
FNDA:0,(anonymous_2)
FNDA:0,(anonymous_3)
FNDA:0,(anonymous_4)
FNDA:1,(anonymous_5)
DA:1,4
DA:2,4
DA:3,4
DA:17,0
DA:19,0
DA:20,0
DA:28,0
DA:29,0
DA:42,0
DA:43,0
DA:45,0
DA:46,0
DA:51,0
DA:52,0
DA:53,0
DA:55,0
DA:56,0
DA:61,0
DA:62,0
DA:64,0
DA:65,0
DA:66,0
DA:68,0
DA:69,0
DA:70,0
DA:71,0
DA:74,0
DA:75,0
DA:76,0
DA:77,0
DA:80,0
DA:81,0
DA:82,0
DA:83,0
DA:86,0
DA:87,0
DA:93,0
DA:95,0
DA:96,0
DA:101,0
DA:108,0
DA:109,0
DA:114,0
DA:124,0
DA:125,0
DA:126,0
DA:127,0
DA:129,0
DA:130,0
DA:135,0
DA:141,0
DA:142,0
DA:143,0
DA:145,0
DA:146,0
DA:151,1
DA:160,1
DA:161,1
DA:162,1
DA:164,0
DA:168,0
DA:173,4
LF:62
LH:8
BRDA:53,0,0,0
BRDA:53,0,1,0
BRDA:60,1,0,0
BRDA:61,2,0,0
BRDA:61,3,0,0
BRDA:68,4,0,0
BRDA:68,4,1,0
BRDA:74,5,0,0
BRDA:74,5,1,0
BRDA:80,6,0,0
BRDA:80,6,1,0
BRDA:86,7,0,0
BRDA:86,7,1,0
BRF:13
BRH:0
end_of_record
TN:
SF:models/Customer.js
FN:6,(anonymous_0)
FN:37,(anonymous_1)
FN:47,(anonymous_2)
FN:57,(anonymous_3)
FN:83,(anonymous_4)
FN:126,(anonymous_5)
FN:144,(anonymous_6)
FN:157,(anonymous_7)
FNF:8
FNH:4
FNDA:2,(anonymous_0)
FNDA:8,(anonymous_1)
FNDA:3,(anonymous_2)
FNDA:0,(anonymous_3)
FNDA:0,(anonymous_4)
FNDA:0,(anonymous_5)
FNDA:0,(anonymous_6)
FNDA:2,(anonymous_7)
DA:1,4
DA:2,4
DA:3,4
DA:7,2
DA:8,2
DA:9,2
DA:16,2
DA:17,2
DA:29,2
DA:30,2
DA:32,0
DA:33,0
DA:38,8
DA:39,8
DA:40,8
DA:42,0
DA:43,0
DA:48,3
DA:49,3
DA:50,3
DA:52,0
DA:53,0
DA:58,0
DA:59,0
DA:65,0
DA:66,0
DA:71,0
DA:78,0
DA:79,0
DA:92,0
DA:93,0
DA:107,0
DA:108,0
DA:118,0
DA:119,0
DA:121,0
DA:122,0
DA:127,0
DA:134,0
DA:135,0
DA:136,0
DA:137,0
DA:139,0
DA:140,0
DA:145,0
DA:146,0
DA:147,0
DA:148,0
DA:150,0
DA:152,0
DA:153,0
DA:158,2
DA:166,2
DA:167,2
DA:168,2
DA:169,2
DA:171,0
DA:172,0
DA:177,4
LF:59
LH:22
BRDA:7,0,0,1
BRDA:40,1,0,8
BRDA:40,1,1,1
BRDA:50,2,0,3
BRDA:50,2,1,2
BRDA:57,3,0,0
BRDA:57,4,0,0
BRDA:147,5,0,0
BRDA:147,5,1,0
BRF:9
BRH:5
end_of_record
TN:
SF:models/CustomerBalance.js
FN:6,(anonymous_0)
FN:45,(anonymous_1)
FN:72,(anonymous_2)
FNF:3
FNH:3
FNDA:2,(anonymous_0)
FNDA:1,(anonymous_1)
FNDA:1,(anonymous_2)
DA:1,5
DA:2,5
DA:3,5
DA:15,2
DA:17,2
DA:18,2
DA:26,2
DA:27,2
DA:37,2
DA:38,2
DA:40,0
DA:41,0
DA:46,1
DA:47,1
DA:54,1
DA:55,1
DA:60,1
DA:67,0
DA:68,0
DA:73,1
DA:82,1
DA:83,1
DA:84,1
DA:85,1
DA:91,0
DA:92,0
DA:97,5
LF:27
LH:21
BRDA:45,0,0,0
BRDA:45,1,0,0
BRDA:84,2,0,1
BRDA:84,2,1,0
BRDA:86,3,0,1
BRDA:86,3,1,1
BRDA:87,4,0,1
BRDA:87,4,1,1
BRDA:88,5,0,1
BRDA:88,5,1,1
BRF:10
BRH:7
end_of_record
TN:
SF:models/Invoice.js
FN:7,(anonymous_0)
FN:59,(anonymous_1)
FN:61,(anonymous_2)
FN:62,(anonymous_3)
FN:67,(anonymous_4)
FN:70,(anonymous_5)
FN:88,(anonymous_6)
FN:92,(anonymous_7)
FN:122,(anonymous_8)
FN:196,(anonymous_9)
FN:206,(anonymous_10)
FN:233,(anonymous_11)
FN:292,(anonymous_12)
FN:314,(anonymous_13)
FN:333,(anonymous_14)
FN:353,(anonymous_15)
FN:379,(anonymous_16)
FN:403,(anonymous_17)
FNF:18
FNH:13
FNDA:1,(anonymous_0)
FNDA:1,(anonymous_1)
FNDA:1,(anonymous_2)
FNDA:1,(anonymous_3)
FNDA:1,(anonymous_4)
FNDA:1,(anonymous_5)
FNDA:1,(anonymous_6)
FNDA:1,(anonymous_7)
FNDA:1,(anonymous_8)
FNDA:3,(anonymous_9)
FNDA:0,(anonymous_10)
FNDA:0,(anonymous_11)
FNDA:1,(anonymous_12)
FNDA:0,(anonymous_13)
FNDA:1,(anonymous_14)
FNDA:1,(anonymous_15)
FNDA:0,(anonymous_16)
FNDA:0,(anonymous_17)
DA:1,4
DA:2,4
DA:3,4
DA:4,4
DA:18,1
DA:20,1
DA:21,1
DA:22,1
DA:26,1
DA:34,1
DA:35,1
DA:51,1
DA:52,1
DA:54,0
DA:55,0
DA:60,1
DA:61,1
DA:62,1
DA:67,1
DA:80,1
DA:81,1
DA:82,1
DA:83,1
DA:84,1
DA:85,1
DA:87,1
DA:88,1
DA:89,1
DA:92,1
DA:93,1
DA:96,1
DA:97,0
DA:100,1
DA:101,1
DA:102,1
DA:104,1
DA:138,1
DA:140,1
DA:152,1
DA:153,1
DA:154,1
DA:155,1
DA:157,1
DA:167,1
DA:168,1
DA:170,1
DA:180,1
DA:181,1
DA:182,1
DA:183,1
DA:184,1
DA:188,1
DA:197,3
DA:198,3
DA:199,3
DA:201,0
DA:202,0
DA:207,0
DA:208,0
DA:215,0
DA:216,0
DA:221,0
DA:228,0
DA:229,0
DA:234,0
DA:235,0
DA:236,0
DA:238,0
DA:239,0
DA:241,0
DA:242,0
DA:243,0
DA:246,0
DA:247,0
DA:248,0
DA:249,0
DA:256,0
DA:258,0
DA:267,0
DA:274,0
DA:275,0
DA:280,0
DA:287,0
DA:288,0
DA:293,1
DA:304,1
DA:305,1
DA:306,1
DA:307,1
DA:309,0
DA:310,0
DA:315,0
DA:323,0
DA:324,0
DA:325,0
DA:326,0
DA:328,0
DA:329,0
DA:334,1
DA:343,1
DA:344,1
DA:345,1
DA:346,1
DA:348,0
DA:349,0
DA:354,1
DA:355,1
DA:365,1
DA:366,1
DA:367,1
DA:368,1
DA:370,0
DA:372,1
DA:374,0
DA:375,0
DA:380,0
DA:391,0
DA:392,0
DA:393,0
DA:394,0
DA:396,0
DA:398,0
DA:399,0
DA:404,0
DA:405,0
DA:407,0
DA:419,0
DA:420,0
DA:421,0
DA:422,0
DA:427,0
DA:429,0
DA:430,0
DA:435,4
LF:134
LH:70
BRDA:13,0,0,0
BRDA:15,1,0,0
BRDA:16,2,0,0
BRDA:59,3,0,0
BRDA:60,4,0,1
BRDA:60,4,1,0
BRDA:61,5,0,1
BRDA:61,5,1,1
BRDA:63,6,0,1
BRDA:63,6,1,0
BRDA:64,7,0,1
BRDA:64,7,1,0
BRDA:65,8,0,1
BRDA:65,8,1,0
BRDA:80,9,0,0
BRDA:80,9,1,1
BRDA:81,10,0,1
BRDA:81,10,1,0
BRDA:82,11,0,1
BRDA:82,11,1,0
BRDA:83,12,0,1
BRDA:83,12,1,0
BRDA:89,13,0,1
BRDA:89,13,1,0
BRDA:96,14,0,0
BRDA:96,14,1,1
BRDA:96,15,0,1
BRDA:96,15,1,0
BRDA:96,15,2,0
BRDA:100,16,0,1
BRDA:100,16,1,0
BRDA:153,17,0,1
BRDA:153,17,1,0
BRDA:154,18,0,1
BRDA:154,18,1,0
BRDA:155,19,0,1
BRDA:155,19,1,0
BRDA:181,20,0,1
BRDA:181,20,1,0
BRDA:181,21,0,1
BRDA:181,21,1,1
BRDA:183,22,0,1
BRDA:183,22,1,0
BRDA:199,23,0,3
BRDA:199,23,1,0
BRDA:206,24,0,0
BRDA:206,25,0,0
BRDA:233,26,0,0
BRDA:233,27,0,0
BRDA:233,28,0,0
BRDA:234,29,0,0
BRDA:234,29,1,0
BRDA:235,30,0,0
BRDA:235,30,1,0
BRDA:241,31,0,0
BRDA:241,31,1,0
BRDA:246,32,0,0
BRDA:246,32,1,0
BRDA:256,33,0,0
BRDA:256,33,1,0
BRDA:282,34,0,0
BRDA:282,34,1,0
BRDA:292,35,0,0
BRDA:353,36,0,0
BRDA:367,37,0,1
BRDA:367,37,1,0
BRDA:372,38,0,1
BRDA:372,38,1,1
BRDA:379,39,0,0
BRDA:393,40,0,0
BRDA:393,40,1,0
BRDA:403,41,0,0
BRDA:421,42,0,0
BRDA:421,42,1,0
BRF:74
BRH:25
end_of_record
TN:
SF:models/InvoiceLineItem.js
FN:6,(anonymous_0)
FN:34,(anonymous_1)
FNF:2
FNH:2
FNDA:2,(anonymous_0)
FNDA:1,(anonymous_1)
DA:1,4
DA:2,4
DA:3,4
DA:7,2
DA:8,2
DA:9,2
DA:16,2
DA:17,2
DA:26,2
DA:27,2
DA:29,0
DA:30,0
DA:35,1
DA:41,1
DA:42,1
DA:43,1
DA:45,0
DA:46,0
DA:51,4
LF:19
LH:15
BRF:0
BRH:0
end_of_record
TN:
SF:models/RateCard.js
FN:6,(anonymous_0)
FN:48,(anonymous_1)
FN:58,(anonymous_2)
FN:81,(anonymous_3)
FN:97,(anonymous_4)
FN:138,(anonymous_5)
FNF:6
FNH:1
FNDA:0,(anonymous_0)
FNDA:0,(anonymous_1)
FNDA:0,(anonymous_2)
FNDA:1,(anonymous_3)
FNDA:0,(anonymous_4)
FNDA:0,(anonymous_5)
DA:1,4
DA:2,4
DA:3,4
DA:16,0
DA:18,0
DA:19,0
DA:27,0
DA:28,0
DA:40,0
DA:41,0
DA:43,0
DA:44,0
DA:49,0
DA:50,0
DA:51,0
DA:53,0
DA:54,0
DA:59,0
DA:69,0
DA:70,0
DA:71,0
DA:73,0
DA:77,0
DA:82,1
DA:88,1
DA:89,1
DA:90,1
DA:92,0
DA:93,0
DA:105,0
DA:107,0
DA:120,0
DA:121,0
DA:130,0
DA:131,0
DA:133,0
DA:134,0
DA:139,0
DA:146,0
DA:147,0
DA:148,0
DA:149,0
DA:151,0
DA:152,0
DA:157,4
LF:45
LH:8
BRDA:13,0,0,0
BRDA:51,1,0,0
BRDA:51,1,1,0
BRDA:71,2,0,0
BRDA:71,2,1,0
BRF:5
BRH:0
end_of_record
TN:
SF:models/StripeTransaction.js
FN:6,(anonymous_0)
FN:45,(anonymous_1)
FN:55,(anonymous_2)
FN:71,(anonymous_3)
FN:98,(anonymous_4)
FN:121,(anonymous_5)
FN:145,(anonymous_6)
FNF:7
FNH:0
FNDA:0,(anonymous_0)
FNDA:0,(anonymous_1)
FNDA:0,(anonymous_2)
FNDA:0,(anonymous_3)
FNDA:0,(anonymous_4)
FNDA:0,(anonymous_5)
FNDA:0,(anonymous_6)
DA:1,3
DA:2,3
DA:3,3
DA:15,0
DA:17,0
DA:18,0
DA:25,0
DA:26,0
DA:37,0
DA:38,0
DA:40,0
DA:41,0
DA:46,0
DA:47,0
DA:48,0
DA:50,0
DA:51,0
DA:56,0
DA:57,0
DA:61,0
DA:63,0
DA:67,0
DA:72,0
DA:73,0
DA:80,0
DA:81,0
DA:86,0
DA:93,0
DA:94,0
DA:99,0
DA:108,0
DA:109,0
DA:110,0
DA:111,0
DA:113,0
DA:117,0
DA:122,0
DA:131,0
DA:132,0
DA:133,0
DA:138,0
DA:140,0
DA:141,0
DA:146,0
DA:155,0
DA:156,0
DA:157,0
DA:159,0
DA:160,0
DA:165,3
LF:50
LH:4
BRDA:35,0,0,0
BRDA:35,0,1,0
BRDA:48,1,0,0
BRDA:48,1,1,0
BRDA:61,2,0,0
BRDA:61,2,1,0
BRDA:71,3,0,0
BRDA:71,4,0,0
BRDA:98,5,0,0
BRDA:145,6,0,0
BRF:10
BRH:0
end_of_record
TN:
SF:utils/balanceManager.js
FN:6,(anonymous_0)
FN:48,(anonymous_1)
FN:95,(anonymous_2)
FNF:3
FNH:1
FNDA:1,(anonymous_0)
FNDA:0,(anonymous_1)
FNDA:0,(anonymous_2)
DA:1,3
DA:2,3
DA:3,3
DA:7,1
DA:8,1
DA:9,0
DA:12,1
DA:13,1
DA:14,0
DA:17,1
DA:18,1
DA:20,1
DA:22,1
DA:31,1
DA:37,1
DA:43,0
DA:44,0
DA:49,0
DA:50,0
DA:51,0
DA:52,0
DA:55,0
DA:56,0
DA:58,0
DA:59,0
DA:66,0
DA:68,0
DA:77,0
DA:84,0
DA:90,0
DA:91,0
DA:96,0
DA:97,0
DA:98,0
DA:99,0
DA:102,0
DA:103,0
DA:105,0
DA:106,0
DA:108,0
DA:109,0
DA:110,0
DA:111,0
DA:112,0
DA:113,0
DA:116,0
DA:124,0
DA:125,0
DA:130,3
LF:49
LH:14
BRDA:6,0,0,0
BRDA:8,1,0,0
BRDA:8,1,1,1
BRDA:13,2,0,0
BRDA:13,2,1,1
BRDA:51,3,0,0
BRDA:51,3,1,0
BRDA:58,4,0,0
BRDA:58,4,1,0
BRDA:98,5,0,0
BRDA:98,5,1,0
BRDA:108,6,0,0
BRDA:108,6,1,0
BRDA:111,7,0,0
BRDA:111,7,1,0
BRF:15
BRH:2
end_of_record
TN:
SF:utils/helpers.js
FN:3,(anonymous_0)
FNF:1
FNH:0
FNDA:0,(anonymous_0)
DA:1,0
DA:3,0
DA:4,0
DA:5,0
DA:7,0
DA:8,0
DA:11,0
LF:7
LH:0
BRDA:4,0,0,0
BRDA:4,0,1,0
BRDA:4,1,0,0
BRDA:4,1,1,0
BRF:4
BRH:0
end_of_record
TN:
SF:utils/ratingEngine.js
FN:8,(anonymous_0)
FN:12,(anonymous_1)
FN:24,(anonymous_2)
FN:45,(anonymous_3)
FN:159,(anonymous_4)
FN:200,(anonymous_5)
FN:228,(anonymous_6)
FNF:7
FNH:4
FNDA:9,(anonymous_0)
FNDA:8,(anonymous_1)
FNDA:2,(anonymous_2)
FNDA:0,(anonymous_3)
FNDA:0,(anonymous_4)
FNDA:2,(anonymous_5)
FNDA:0,(anonymous_6)
DA:1,4
DA:2,4
DA:3,4
DA:4,4
DA:5,4
DA:9,9
DA:13,8
DA:15,8
DA:16,3
DA:19,5
DA:20,5
DA:21,5
DA:25,2
DA:26,2
DA:27,2
DA:28,2
DA:29,2
DA:30,2
DA:32,2
DA:40,0
DA:41,0
DA:46,0
DA:48,0
DA:49,0
DA:50,0
DA:51,0
DA:54,0
DA:55,0
DA:56,0
DA:57,0
DA:60,0
DA:61,0
DA:62,0
DA:63,0
DA:66,0
DA:67,0
DA:73,0
DA:74,0
DA:77,0
DA:78,0
DA:82,0
DA:85,0
DA:86,0
DA:94,0
DA:95,0
DA:97,0
DA:98,0
DA:99,0
DA:104,0
DA:112,0
DA:113,0
DA:115,0
DA:117,0
DA:127,0
DA:134,0
DA:141,0
DA:146,0
DA:147,0
DA:149,0
DA:152,0
DA:160,0
DA:161,0
DA:163,0
DA:171,0
DA:172,0
DA:174,0
DA:175,0
DA:176,0
DA:177,0
DA:178,0
DA:180,0
DA:181,0
DA:185,0
DA:190,0
DA:192,0
DA:196,0
DA:201,2
DA:203,2
DA:204,1
DA:207,2
DA:208,0
DA:211,2
DA:212,0
DA:215,2
DA:216,0
DA:219,2
DA:220,1
DA:221,1
DA:222,1
DA:225,1
DA:229,0
DA:230,0
DA:232,0
DA:233,0
DA:236,0
DA:237,0
DA:238,0
DA:240,0
DA:248,0
DA:249,0
DA:254,4
LF:101
LH:31
BRDA:15,0,0,3
BRDA:15,0,1,5
BRDA:29,1,0,2
BRDA:29,1,1,1
BRDA:48,2,0,0
BRDA:48,2,1,0
BRDA:54,3,0,0
BRDA:54,3,1,0
BRDA:62,4,0,0
BRDA:62,4,1,0
BRDA:73,5,0,0
BRDA:73,5,1,0
BRDA:77,6,0,0
BRDA:77,6,1,0
BRDA:85,7,0,0
BRDA:85,7,1,0
BRDA:85,8,0,0
BRDA:85,8,1,0
BRDA:85,8,2,0
BRDA:98,9,0,0
BRDA:98,9,1,0
BRDA:174,10,0,0
BRDA:174,10,1,0
BRDA:177,11,0,0
BRDA:177,11,1,0
BRDA:203,12,0,1
BRDA:203,12,1,1
BRDA:203,13,0,2
BRDA:203,13,1,2
BRDA:207,14,0,0
BRDA:207,14,1,2
BRDA:207,15,0,2
BRDA:207,15,1,2
BRDA:211,16,0,0
BRDA:211,16,1,2
BRDA:211,17,0,2
BRDA:211,17,1,2
BRDA:215,18,0,0
BRDA:215,18,1,2
BRDA:219,19,0,1
BRDA:219,19,1,1
BRDA:232,20,0,0
BRDA:232,20,1,0
BRF:43
BRH:17
end_of_record
TN:
SF:utils/validators.js
FN:78,(anonymous_0)
FN:84,(anonymous_1)
FN:92,(anonymous_2)
FN:94,(anonymous_3)
FN:96,(anonymous_4)
FN:98,(anonymous_5)
FN:100,(anonymous_6)
FN:102,(anonymous_7)
FN:105,(anonymous_8)
FN:108,(anonymous_9)
FN:111,(anonymous_10)
FN:112,(anonymous_11)
FNF:12
FNH:3
FNDA:4,(anonymous_0)
FNDA:3,(anonymous_1)
FNDA:0,(anonymous_2)
FNDA:0,(anonymous_3)
FNDA:4,(anonymous_4)
FNDA:0,(anonymous_5)
FNDA:0,(anonymous_6)
FNDA:0,(anonymous_7)
FNDA:0,(anonymous_8)
FNDA:0,(anonymous_9)
FNDA:0,(anonymous_10)
FNDA:0,(anonymous_11)
DA:1,3
DA:2,3
DA:5,3
DA:15,3
DA:27,3
DA:39,3
DA:49,3
DA:56,3
DA:62,3
DA:67,3
DA:73,3
DA:78,3
DA:79,4
DA:81,4
DA:82,1
DA:84,3
DA:88,4
DA:92,3
DA:94,3
DA:96,4
DA:98,3
DA:100,3
DA:102,3
DA:103,0
DA:105,3
DA:106,0
DA:108,3
DA:111,3
DA:112,0
DA:118,3
LF:30
LH:27
BRDA:81,0,0,1
BRDA:81,0,1,3
BRF:2
BRH:2
end_of_record
